2025-03-21 10:32:40,712 - __main__ - INFO - Successfully patched JSON encoder to handle datetime objects
2025-03-21 10:32:40,712 - __main__ - INFO - Successfully patched JSON dump function to handle datetime objects
2025-03-21 10:32:41,061 - __main__ - INFO - Successfully patched PaperTrader with additional methods
2025-03-21 10:32:41,369 - __main__ - INFO - Successfully enhanced IntradayMLPaperTrader with better logging and dashboard
2025-03-21 10:32:41,370 - __main__ - INFO - Creating ML-enhanced paper trader...
2025-03-21 10:32:41,371 - src.paper_trading.paper_trader - INFO - Loaded account data: Capital=$100000.00
2025-03-21 10:32:41,371 - src.paper_trading.paper_trader - INFO - Loaded 0 positions
2025-03-21 10:32:41,372 - src.paper_trading.paper_trader - INFO - Loaded 0 historical trades
2025-03-21 10:32:41,372 - src.paper_trading.paper_trader - INFO - Auto-shutdown scheduled for 2025-03-21 16:00:00
2025-03-21 10:32:41,373 - src.paper_trading.intraday_ml_paper_trader - INFO - Loaded ML configuration from config\paper_trading.json
2025-03-21 10:32:41,374 - src.paper_trading.intraday_ml_paper_trader - INFO - Loading market regime classifier from models/intraday\market_regime_classifier.joblib
2025-03-21 10:32:41,376 - src.paper_trading.intraday_ml_paper_trader - INFO - Successfully loaded market regime classifier model
2025-03-21 10:32:41,377 - src.paper_trading.intraday_ml_paper_trader - INFO - Loaded current regime: Low Volatility / Weak Trend
2025-03-21 10:32:41,377 - src.ml_enhancements.intraday_signals - INFO - Loading pre-trained models
2025-03-21 10:32:41,393 - src.ml_enhancements.intraday_signals - INFO - Loaded signal filter model
2025-03-21 10:32:41,410 - src.ml_enhancements.intraday_signals - INFO - Loaded entry timing model
2025-03-21 10:32:41,429 - src.ml_enhancements.intraday_signals - INFO - Loaded exit timing model
2025-03-21 10:32:41,429 - src.ml_enhancements.intraday_signals - WARNING - Could not load volume prediction model: Can't get attribute '__pyx_unpickle_CyHalfSquaredError' on <module 'sklearn._loss._loss' from 'C:\\Users\\grego\\miniconda3\\Lib\\site-packages\\sklearn\\_loss\\_loss.cp312-win_amd64.pyd'>
2025-03-21 10:32:41,430 - src.ml_enhancements.intraday_signals - WARNING - Could not load correlation prediction model: Can't get attribute '__pyx_unpickle_CyHalfSquaredError' on <module 'sklearn._loss._loss' from 'C:\\Users\\grego\\miniconda3\\Lib\\site-packages\\sklearn\\_loss\\_loss.cp312-win_amd64.pyd'>
2025-03-21 10:32:41,430 - __main__ - INFO - Starting ML-enhanced paper trader...
2025-03-21 10:32:41,430 - src.connectors.ib.ib_connector - INFO - Connecting to IB at localhost:7497 (client ID: 8)
2025-03-21 10:32:41,430 - ib_insync.client - INFO - Connecting to localhost:7497 with clientId 8...
2025-03-21 10:32:41,435 - ib_insync.client - INFO - Connected
2025-03-21 10:32:41,439 - ib_insync.client - INFO - Logged on to server version 176
2025-03-21 10:32:41,440 - ib_insync.wrapper - INFO - Warning 2104, reqId -1: Market data farm connection is OK:usfarm.nj
2025-03-21 10:32:41,440 - ib_insync.wrapper - INFO - Warning 2104, reqId -1: Market data farm connection is OK:usfarm
2025-03-21 10:32:41,440 - ib_insync.wrapper - INFO - Warning 2106, reqId -1: HMDS data farm connection is OK:ushmds
2025-03-21 10:32:41,441 - ib_insync.client - INFO - API connection ready
2025-03-21 10:32:41,441 - ib_insync.wrapper - INFO - Warning 2158, reqId -1: Sec-def data farm connection is OK:secdefnj
2025-03-21 10:32:41,643 - ib_insync.ib - INFO - Synchronization complete
2025-03-21 10:32:41,643 - src.connectors.ib.ib_connector - INFO - Using account: DU2688615
2025-03-21 10:32:41,644 - src.connectors.ib.ib_connector - INFO - Positions updated: 0 active positions
2025-03-21 10:32:41,644 - src.connectors.ib.ib_connector - INFO - Successfully connected to IB
2025-03-21 10:32:41,644 - src.paper_trading.paper_trader - INFO - Paper trader started
2025-03-21 10:32:41,645 - __main__ - INFO - Starting enhanced refresh loop for ML monitoring
2025-03-21 10:32:41,645 - src.paper_trading.intraday_ml_paper_trader - INFO - ML-enhanced paper trader started
2025-03-21 10:32:41,645 - __main__ - INFO - ML-enhanced paper trader started successfully!
2025-03-21 10:32:41,645 - __main__ - INFO - Added example pairs for monitoring: ['ES_NQ', 'GC_SI']
2025-03-21 10:32:41,646 - __main__ - INFO - Subscribing to market data for ES-202406-FUT-GLOBEX and NQ-202406-FUT-GLOBEX
2025-03-21 10:32:41,646 - __main__ - INFO - Created continuous futures contract: ES-CONTFUT-CME
2025-03-21 10:32:41,646 - __main__ - INFO - Created continuous futures contract: NQ-CONTFUT-CME
2025-03-21 10:32:41,646 - __main__ - INFO - Subscribed to market data for ES using contract object
2025-03-21 10:32:41,646 - __main__ - INFO - Subscribed to market data for NQ using contract object
2025-03-21 10:32:41,646 - __main__ - INFO - Successfully subscribed to continuous futures for pair ES_NQ
2025-03-21 10:32:41,646 - __main__ - INFO - Subscribing to market data for GC-202406-FUT-NYMEX and SI-202406-FUT-NYMEX
2025-03-21 10:32:41,647 - __main__ - INFO - Created continuous futures contract: GC-CONTFUT-COMEX
2025-03-21 10:32:41,647 - __main__ - INFO - Created continuous futures contract: SI-CONTFUT-COMEX
2025-03-21 10:32:41,647 - __main__ - INFO - Subscribed to market data for GC using contract object
2025-03-21 10:32:41,647 - __main__ - INFO - Subscribed to market data for SI using contract object
2025-03-21 10:32:41,647 - __main__ - INFO - Successfully subscribed to continuous futures for pair GC_SI
2025-03-21 10:32:41,650 - __main__ - INFO - Signal check logged for ES_NQ: {'pair': 'ES_NQ', 'timestamp': '2025-03-21T10:32:41.647073', 'ml_signal': 'neutral', 'signal_strength': 0.45, 'regime': 'ranging', 'entry_threshold': 2.0, 'status': 'monitoring', 'note': 'Demo signal - no actual market data available'}
2025-03-21 10:32:41,650 - __main__ - INFO - Created demo signal for ES_NQ
2025-03-21 10:32:41,653 - __main__ - INFO - Signal check logged for GC_SI: {'pair': 'GC_SI', 'timestamp': '2025-03-21T10:32:41.650092', 'ml_signal': 'neutral', 'signal_strength': 0.45, 'regime': 'ranging', 'entry_threshold': 2.0, 'status': 'monitoring', 'note': 'Demo signal - no actual market data available'}
2025-03-21 10:32:41,653 - __main__ - INFO - Created demo signal for GC_SI
2025-03-21 10:32:41,653 - __main__ - INFO - Loaded current regime from file: Low Volatility / Weak Trend
2025-03-21 10:32:41,653 - __main__ - INFO - Current market regime: Low Volatility / Weak Trend
2025-03-21 10:32:41,654 - __main__ - INFO - Updated dashboard at: output/paper_trading\dashboard\index.html
2025-03-21 10:32:41,654 - __main__ - INFO - Dashboard available at: file://C:\quant-trader\output\paper_trading\dashboard\index.html
2025-03-21 10:32:41,654 - __main__ - INFO - Paper trader is running. Press Ctrl+C to stop.
2025-03-21 10:33:41,645 - __main__ - INFO - Refreshing ML system and checking for trading signals...
2025-03-21 10:33:41,645 - __main__ - INFO - Requesting historical data for ES-CONTFUT-CME (2 h, 5 mins)
2025-03-21 10:33:41,645 - __main__ - INFO - Created continuous futures contract: ES-CONTFUT-CME
2025-03-21 10:34:11,650 - ib_insync.ib - WARNING - reqHistoricalData: Timeout for Contract(secType='CONTFUT', symbol='ES', exchange='CME', currency='USD')
2025-03-21 10:34:11,650 - __main__ - WARNING - No historical data returned for ES-CONTFUT-CME
2025-03-21 10:34:11,650 - __main__ - WARNING - No historical data available for ES-CONTFUT-CME
2025-03-21 10:34:11,652 - __main__ - WARNING - Created synthetic data for ES-CONTFUT-CME as fallback
2025-03-21 10:34:11,652 - __main__ - INFO - Requesting historical data for NQ-CONTFUT-CME (2 h, 5 mins)
2025-03-21 10:34:11,652 - __main__ - INFO - Created continuous futures contract: NQ-CONTFUT-CME
2025-03-21 10:34:41,663 - ib_insync.ib - WARNING - reqHistoricalData: Timeout for Contract(secType='CONTFUT', symbol='NQ', exchange='CME', currency='USD')
2025-03-21 10:34:41,663 - __main__ - WARNING - No historical data returned for NQ-CONTFUT-CME
2025-03-21 10:34:41,664 - __main__ - WARNING - No historical data available for NQ-CONTFUT-CME
2025-03-21 10:34:41,664 - __main__ - WARNING - Created synthetic data for NQ-CONTFUT-CME as fallback
2025-03-21 10:34:41,665 - __main__ - INFO - Limiting historical data requests to 2 symbols per refresh
2025-03-21 10:34:41,665 - __main__ - INFO - Loaded current regime from file: Low Volatility / Weak Trend
2025-03-21 10:34:41,667 - __main__ - INFO - Loaded market regime classifier from models/intraday\market_regime_classifier.joblib
2025-03-21 10:34:41,670 - __main__ - ERROR - Error extracting features for regime detection: The feature names should match those that were passed during fit.
Feature names unseen at fit time:
- trend
- volatility
- volume_trend
Feature names seen at fit time, yet now missing:
- correlation_avg
- mean_reversion_avg
- trend_strength_avg
- volatility_avg

2025-03-21 10:34:41,670 - __main__ - INFO - Loaded current regime from file: Low Volatility / Weak Trend
2025-03-21 10:34:41,670 - __main__ - INFO - Current market regime: Low Volatility / Weak Trend
2025-03-21 10:34:41,670 - __main__ - INFO - Processing 2 symbols for market data this cycle
2025-03-21 10:34:41,670 - __main__ - INFO - Requesting historical data for ES-CONTFUT-CME (1 h, 5 mins)
2025-03-21 10:34:41,670 - __main__ - INFO - Using cached streaming bars for ES-CONTFUT-CME
2025-03-21 10:34:41,670 - __main__ - INFO - Created continuous futures contract: ES-CONTFUT-CME
2025-03-21 10:35:11,675 - ib_insync.ib - WARNING - reqHistoricalData: Timeout for Contract(secType='CONTFUT', symbol='ES', exchange='CME', currency='USD')
2025-03-21 10:35:11,675 - __main__ - WARNING - No historical data returned for ES-CONTFUT-CME
2025-03-21 10:35:11,676 - __main__ - WARNING - No historical data retrieved for ES-CONTFUT-CME
2025-03-21 10:35:11,676 - __main__ - INFO - Requesting historical data for NQ-CONTFUT-CME (1 h, 5 mins)
2025-03-21 10:35:11,676 - __main__ - INFO - Using cached streaming bars for NQ-CONTFUT-CME
2025-03-21 10:35:11,676 - __main__ - INFO - Created continuous futures contract: NQ-CONTFUT-CME
2025-03-21 10:35:41,689 - ib_insync.ib - WARNING - reqHistoricalData: Timeout for Contract(secType='CONTFUT', symbol='NQ', exchange='CME', currency='USD')
2025-03-21 10:35:41,689 - __main__ - WARNING - No historical data returned for NQ-CONTFUT-CME
2025-03-21 10:35:41,689 - __main__ - WARNING - No historical data retrieved for NQ-CONTFUT-CME
2025-03-21 10:35:41,690 - __main__ - INFO - Requesting historical data for ES-202406-FUT-GLOBEX (1 h, 5 mins)
2025-03-21 10:35:41,690 - __main__ - INFO - Created futures contract: ES-202406-CME
2025-03-21 10:36:11,704 - ib_insync.ib - WARNING - reqHistoricalData: Timeout for Contract(secType='FUT', symbol='ES', lastTradeDateOrContractMonth='202406', exchange='CME', currency='USD')
2025-03-21 10:36:11,704 - __main__ - WARNING - No historical data returned for ES-202406-FUT-GLOBEX
2025-03-21 10:36:11,704 - __main__ - WARNING - Missing data for one or both symbols in pair ES_NQ
2025-03-21 10:36:11,705 - __main__ - INFO - Requesting historical data for GC-202406-FUT-NYMEX (1 h, 5 mins)
2025-03-21 10:36:11,705 - __main__ - INFO - Created futures contract: GC-202406-COMEX
2025-03-21 10:36:41,714 - ib_insync.ib - WARNING - reqHistoricalData: Timeout for Contract(secType='FUT', symbol='GC', lastTradeDateOrContractMonth='202406', exchange='COMEX', currency='USD')
2025-03-21 10:36:41,714 - __main__ - WARNING - No historical data returned for GC-202406-FUT-NYMEX
2025-03-21 10:36:41,714 - __main__ - WARNING - Missing data for one or both symbols in pair GC_SI
2025-03-21 10:36:41,716 - __main__ - INFO - Loaded market regime classifier from models/intraday\market_regime_classifier.joblib
2025-03-21 10:36:41,716 - __main__ - ERROR - Error extracting features for regime detection: 'close'
2025-03-21 10:36:41,716 - __main__ - INFO - Loaded current regime from file: Low Volatility / Weak Trend
2025-03-21 10:36:41,717 - src.paper_trading.intraday_ml_paper_trader - ERROR - Error refreshing ML system: 'bool' object has no attribute 'empty'
2025-03-21 10:36:41,717 - src.paper_trading.intraday_ml_paper_trader - ERROR - [ERROR] 2025-03-21 10:36:41 - ML Refresh Error: Error refreshing ML system: 'bool' object has no attribute 'empty'
2025-03-21 10:36:41,719 - __main__ - INFO - Signal check logged for ES_NQ: {'pair': 'ES_NQ', 'timestamp': '2025-03-21T10:36:41.717870', 'ml_signal': 'pending', 'signal_strength': 0.0, 'regime': 'Low Volatility / Weak Trend', 'entry_threshold': 2.0, 'status': 'monitoring', 'symbol1': 'ES-202406-FUT-GLOBEX', 'symbol2': 'NQ-202406-FUT-GLOBEX'}
2025-03-21 10:36:41,722 - __main__ - INFO - Signal check logged for GC_SI: {'pair': 'GC_SI', 'timestamp': '2025-03-21T10:36:41.719876', 'ml_signal': 'pending', 'signal_strength': 0.0, 'regime': 'Low Volatility / Weak Trend', 'entry_threshold': 2.0, 'status': 'monitoring', 'symbol1': 'GC-202406-FUT-NYMEX', 'symbol2': 'SI-202406-FUT-NYMEX'}
2025-03-21 10:36:41,723 - __main__ - INFO - Updated dashboard at: output/paper_trading\dashboard\index.html
2025-03-21 10:36:41,723 - __main__ - INFO - Actively monitoring market for trading opportunities. Current regime: Low Volatility / Weak Trend
2025-03-21 10:36:46,549 - __main__ - INFO - Stopping paper trader (received interrupt signal)...
2025-03-21 10:36:46,734 - __main__ - INFO - Stopping ML-enhanced paper trader...
2025-03-21 10:36:46,802 - src.connectors.ib.ib_connector - INFO - Disconnecting from IB
2025-03-21 10:36:46,802 - ib_insync.ib - INFO - Disconnecting from localhost:7497, 799 B sent in 23 messages, 18.2 kB received in 386 messages, session time 245 s.
2025-03-21 10:36:46,802 - ib_insync.client - INFO - Disconnecting
2025-03-21 10:36:46,802 - src.connectors.ib.ib_connector - WARNING - Disconnected from IB
2025-03-21 10:36:46,803 - src.connectors.ib.ib_connector - INFO - Attempting to reconnect...
2025-03-21 10:36:46,803 - src.connectors.ib.ib_connector - INFO - Connecting to IB at localhost:7497 (client ID: 8)
2025-03-21 10:36:46,803 - ib_insync.client - INFO - Connecting to localhost:7497 with clientId 8...
2025-03-21 10:36:46,804 - ib_insync.client - INFO - Disconnected.
2025-03-21 10:36:46,805 - ib_insync.client - INFO - Connected
2025-03-21 10:36:46,808 - ib_insync.client - INFO - Logged on to server version 176
2025-03-21 10:36:47,105 - ib_insync.wrapper - INFO - Warning 2104, reqId -1: Market data farm connection is OK:usfarm.nj
2025-03-21 10:36:47,105 - ib_insync.wrapper - INFO - Warning 2104, reqId -1: Market data farm connection is OK:usfarm
2025-03-21 10:36:47,105 - ib_insync.wrapper - INFO - Warning 2106, reqId -1: HMDS data farm connection is OK:ushmds
2025-03-21 10:36:47,105 - ib_insync.wrapper - INFO - Warning 2158, reqId -1: Sec-def data farm connection is OK:secdefnj
2025-03-21 10:36:47,105 - ib_insync.client - INFO - API connection ready
2025-03-21 10:36:47,207 - ib_insync.ib - INFO - Synchronization complete
2025-03-21 10:36:47,209 - src.connectors.ib.ib_connector - INFO - Positions updated: 0 active positions
2025-03-21 10:36:47,209 - src.connectors.ib.ib_connector - INFO - Successfully connected to IB
2025-03-21 10:36:47,209 - src.connectors.ib.ib_connector - INFO - Disconnected from IB
2025-03-21 10:36:47,210 - src.paper_trading.paper_trader - INFO - Paper trader stopped
2025-03-21 10:36:47,211 - __main__ - INFO - Updated dashboard at: output/paper_trading\dashboard\index.html
2025-03-21 10:36:47,211 - src.paper_trading.intraday_ml_paper_trader - INFO - ML-enhanced paper trader stopped
2025-03-21 10:36:47,211 - __main__ - INFO - ML-enhanced paper trader stopped.
