2025-03-21 12:33:35,561 - __main__ - INFO - Successfully patched JSON encoder to handle datetime objects
2025-03-21 12:33:35,561 - __main__ - INFO - Successfully patched JSON dump function to handle datetime objects
2025-03-21 12:33:35,880 - __main__ - INFO - Successfully patched PaperTrader with additional methods
2025-03-21 12:33:36,137 - __main__ - INFO - Added market data monitoring capability
2025-03-21 12:33:36,137 - __main__ - INFO - Creating ML-enhanced paper trader...
2025-03-21 12:33:36,139 - src.paper_trading.paper_trader - INFO - Loaded account data: Capital=$100000.00
2025-03-21 12:33:36,140 - src.paper_trading.paper_trader - INFO - Loaded 0 positions
2025-03-21 12:33:36,140 - src.paper_trading.paper_trader - INFO - Loaded 0 historical trades
2025-03-21 12:33:36,140 - src.paper_trading.paper_trader - INFO - Auto-shutdown scheduled for 2025-03-21 16:00:00
2025-03-21 12:33:36,141 - src.paper_trading.intraday_ml_paper_trader - INFO - Loaded ML configuration from config\paper_trading.json
2025-03-21 12:33:36,142 - src.paper_trading.intraday_ml_paper_trader - INFO - Loading market regime classifier from models/intraday\market_regime_classifier.joblib
2025-03-21 12:33:36,144 - src.paper_trading.intraday_ml_paper_trader - INFO - Successfully loaded market regime classifier model
2025-03-21 12:33:36,145 - src.paper_trading.intraday_ml_paper_trader - INFO - Loaded current regime: Low Volatility / Weak Trend
2025-03-21 12:33:36,145 - src.ml_enhancements.intraday_signals - INFO - Loading pre-trained models
2025-03-21 12:33:36,159 - src.ml_enhancements.intraday_signals - INFO - Loaded signal filter model
2025-03-21 12:33:36,173 - src.ml_enhancements.intraday_signals - INFO - Loaded entry timing model
2025-03-21 12:33:36,188 - src.ml_enhancements.intraday_signals - INFO - Loaded exit timing model
2025-03-21 12:33:36,188 - src.ml_enhancements.intraday_signals - WARNING - Could not load volume prediction model: Can't get attribute '__pyx_unpickle_CyHalfSquaredError' on <module 'sklearn._loss._loss' from 'C:\\Users\\grego\\miniconda3\\Lib\\site-packages\\sklearn\\_loss\\_loss.cp312-win_amd64.pyd'>
2025-03-21 12:33:36,189 - src.ml_enhancements.intraday_signals - WARNING - Could not load correlation prediction model: Can't get attribute '__pyx_unpickle_CyHalfSquaredError' on <module 'sklearn._loss._loss' from 'C:\\Users\\grego\\miniconda3\\Lib\\site-packages\\sklearn\\_loss\\_loss.cp312-win_amd64.pyd'>
2025-03-21 12:33:36,189 - __main__ - INFO - Starting ML-enhanced paper trader...
2025-03-21 12:33:36,189 - src.connectors.ib.ib_connector - INFO - Connecting to IB at localhost:7496 (client ID: 54321)
2025-03-21 12:33:36,189 - ib_insync.client - INFO - Connecting to localhost:7496 with clientId 54321...
2025-03-21 12:33:36,195 - ib_insync.client - INFO - Connected
2025-03-21 12:33:36,198 - ib_insync.client - INFO - Logged on to server version 176
2025-03-21 12:33:36,199 - ib_insync.wrapper - INFO - Warning 2104, reqId -1: Market data farm connection is OK:usfarm.nj
2025-03-21 12:33:36,199 - ib_insync.wrapper - INFO - Warning 2104, reqId -1: Market data farm connection is OK:jfarm
2025-03-21 12:33:36,199 - ib_insync.wrapper - INFO - Warning 2104, reqId -1: Market data farm connection is OK:usfarm
2025-03-21 12:33:36,200 - ib_insync.wrapper - INFO - Warning 2106, reqId -1: HMDS data farm connection is OK:apachmds
2025-03-21 12:33:36,200 - ib_insync.wrapper - INFO - Warning 2106, reqId -1: HMDS data farm connection is OK:ushmds
2025-03-21 12:33:36,200 - ib_insync.wrapper - INFO - Warning 2158, reqId -1: Sec-def data farm connection is OK:secdefnj
2025-03-21 12:33:36,200 - ib_insync.client - INFO - API connection ready
2025-03-21 12:33:36,301 - ib_insync.ib - INFO - Synchronization complete
2025-03-21 12:33:36,301 - src.connectors.ib.ib_connector - INFO - Using account: DU2688615
2025-03-21 12:33:36,304 - src.connectors.ib.ib_connector - INFO - Positions updated: 0 active positions
2025-03-21 12:33:36,304 - src.connectors.ib.ib_connector - INFO - Successfully connected to IB
2025-03-21 12:33:36,304 - src.paper_trading.paper_trader - INFO - Paper trader started
2025-03-21 12:33:36,304 - __main__ - INFO - Starting enhanced refresh loop for ML monitoring
2025-03-21 12:33:36,304 - src.paper_trading.intraday_ml_paper_trader - INFO - ML-enhanced paper trader started
2025-03-21 12:33:36,304 - __main__ - INFO - Applied timeout to contract detail searches
2025-03-21 12:33:36,306 - __main__ - INFO - ML-enhanced paper trader started successfully!
2025-03-21 12:33:36,306 - __main__ - INFO - Added example pairs for monitoring: ['ES_NQ', 'GC_SI']
2025-03-21 12:33:36,307 - __main__ - INFO - Requesting contract details for ES without specifying expiry
2025-03-21 12:33:36,307 - __main__ - INFO - Requesting contract details for ES with 30s timeout
2025-03-21 12:34:06,321 - __main__ - WARNING - reqContractDetails for ES timed out after 30s
2025-03-21 12:34:06,321 - __main__ - WARNING - No contract details found for ES
2025-03-21 12:34:06,322 - __main__ - INFO - Requesting contract details for NQ without specifying expiry
2025-03-21 12:34:06,322 - __main__ - INFO - Requesting contract details for NQ with 30s timeout
