2025-03-21 10:23:03,380 - __main__ - INFO - Successfully patched JSON encoder to handle datetime objects
2025-03-21 10:23:03,380 - __main__ - INFO - Successfully patched JSON dump function to handle datetime objects
2025-03-21 10:23:03,712 - __main__ - INFO - Successfully patched PaperTrader with additional methods
2025-03-21 10:23:03,985 - __main__ - INFO - Successfully enhanced IntradayMLPaperTrader with better logging and dashboard
2025-03-21 10:23:03,985 - __main__ - INFO - Creating ML-enhanced paper trader...
2025-03-21 10:23:03,986 - src.paper_trading.paper_trader - INFO - Loaded account data: Capital=$100000.00
2025-03-21 10:23:03,986 - src.paper_trading.paper_trader - INFO - Loaded 0 positions
2025-03-21 10:23:03,986 - src.paper_trading.paper_trader - INFO - Loaded 0 historical trades
2025-03-21 10:23:03,987 - src.paper_trading.paper_trader - INFO - Auto-shutdown scheduled for 2025-03-21 16:00:00
2025-03-21 10:23:03,987 - src.paper_trading.intraday_ml_paper_trader - INFO - Loaded ML configuration from config\paper_trading.json
2025-03-21 10:23:03,988 - src.paper_trading.intraday_ml_paper_trader - INFO - Loading market regime classifier from models/intraday\market_regime_classifier.joblib
2025-03-21 10:23:03,992 - src.paper_trading.intraday_ml_paper_trader - INFO - Successfully loaded market regime classifier model
2025-03-21 10:23:03,992 - src.paper_trading.intraday_ml_paper_trader - INFO - Loaded current regime: Low Volatility / Weak Trend
2025-03-21 10:23:03,992 - src.ml_enhancements.intraday_signals - INFO - Loading pre-trained models
2025-03-21 10:23:04,012 - src.ml_enhancements.intraday_signals - INFO - Loaded signal filter model
2025-03-21 10:23:04,027 - src.ml_enhancements.intraday_signals - INFO - Loaded entry timing model
2025-03-21 10:23:04,042 - src.ml_enhancements.intraday_signals - INFO - Loaded exit timing model
2025-03-21 10:23:04,042 - src.ml_enhancements.intraday_signals - WARNING - Could not load volume prediction model: Can't get attribute '__pyx_unpickle_CyHalfSquaredError' on <module 'sklearn._loss._loss' from 'C:\\Users\\grego\\miniconda3\\Lib\\site-packages\\sklearn\\_loss\\_loss.cp312-win_amd64.pyd'>
2025-03-21 10:23:04,043 - src.ml_enhancements.intraday_signals - WARNING - Could not load correlation prediction model: Can't get attribute '__pyx_unpickle_CyHalfSquaredError' on <module 'sklearn._loss._loss' from 'C:\\Users\\grego\\miniconda3\\Lib\\site-packages\\sklearn\\_loss\\_loss.cp312-win_amd64.pyd'>
2025-03-21 10:23:04,043 - __main__ - INFO - Starting ML-enhanced paper trader...
2025-03-21 10:23:04,043 - src.connectors.ib.ib_connector - INFO - Connecting to IB at localhost:7497 (client ID: 8)
2025-03-21 10:23:04,044 - ib_insync.client - INFO - Connecting to localhost:7497 with clientId 8...
2025-03-21 10:23:04,049 - ib_insync.client - INFO - Connected
2025-03-21 10:23:04,052 - ib_insync.client - INFO - Logged on to server version 176
2025-03-21 10:23:04,053 - ib_insync.wrapper - INFO - Warning 2104, reqId -1: Market data farm connection is OK:usfarm.nj
2025-03-21 10:23:04,053 - ib_insync.wrapper - INFO - Warning 2104, reqId -1: Market data farm connection is OK:usfarm
2025-03-21 10:23:04,054 - ib_insync.wrapper - INFO - Warning 2106, reqId -1: HMDS data farm connection is OK:ushmds
2025-03-21 10:23:04,054 - ib_insync.wrapper - INFO - Warning 2158, reqId -1: Sec-def data farm connection is OK:secdefnj
2025-03-21 10:23:04,054 - ib_insync.client - INFO - API connection ready
2025-03-21 10:23:04,157 - ib_insync.ib - INFO - Synchronization complete
2025-03-21 10:23:04,157 - src.connectors.ib.ib_connector - INFO - Using account: DU2688615
2025-03-21 10:23:04,158 - src.connectors.ib.ib_connector - INFO - Positions updated: 0 active positions
2025-03-21 10:23:04,158 - src.connectors.ib.ib_connector - INFO - Successfully connected to IB
2025-03-21 10:23:04,159 - src.paper_trading.paper_trader - INFO - Paper trader started
2025-03-21 10:23:04,161 - __main__ - INFO - Starting enhanced refresh loop for ML monitoring
2025-03-21 10:23:04,161 - src.paper_trading.intraday_ml_paper_trader - INFO - ML-enhanced paper trader started
2025-03-21 10:23:04,162 - __main__ - INFO - ML-enhanced paper trader started successfully!
2025-03-21 10:23:04,162 - __main__ - INFO - Added example pairs for monitoring: ['ES_NQ', 'GC_SI']
2025-03-21 10:23:04,163 - __main__ - INFO - Subscribing to market data for ES-202406-FUT-GLOBEX and NQ-202406-FUT-GLOBEX
2025-03-21 10:23:04,163 - __main__ - INFO - Created continuous futures contract: ES-CONTFUT-CME
2025-03-21 10:23:04,163 - __main__ - INFO - Created continuous futures contract: NQ-CONTFUT-CME
2025-03-21 10:23:04,163 - __main__ - INFO - Subscribed to market data for ES using contract object
2025-03-21 10:23:04,163 - __main__ - INFO - Subscribed to market data for NQ using contract object
2025-03-21 10:23:04,163 - __main__ - INFO - Successfully subscribed to continuous futures for pair ES_NQ
2025-03-21 10:23:04,164 - __main__ - INFO - Subscribing to market data for GC-202406-FUT-NYMEX and SI-202406-FUT-NYMEX
2025-03-21 10:23:04,164 - __main__ - INFO - Created continuous futures contract: GC-CONTFUT-COMEX
2025-03-21 10:23:04,164 - __main__ - INFO - Created continuous futures contract: SI-CONTFUT-COMEX
2025-03-21 10:23:04,164 - __main__ - INFO - Subscribed to market data for GC using contract object
2025-03-21 10:23:04,164 - __main__ - INFO - Subscribed to market data for SI using contract object
2025-03-21 10:23:04,164 - __main__ - INFO - Successfully subscribed to continuous futures for pair GC_SI
2025-03-21 10:23:04,167 - __main__ - INFO - Signal check logged for ES_NQ: {'pair': 'ES_NQ', 'timestamp': '2025-03-21T10:23:04.164354', 'ml_signal': 'neutral', 'signal_strength': 0.45, 'regime': 'ranging', 'entry_threshold': 2.0, 'status': 'monitoring', 'note': 'Demo signal - no actual market data available'}
2025-03-21 10:23:04,167 - __main__ - INFO - Created demo signal for ES_NQ
2025-03-21 10:23:04,169 - __main__ - INFO - Signal check logged for GC_SI: {'pair': 'GC_SI', 'timestamp': '2025-03-21T10:23:04.167353', 'ml_signal': 'neutral', 'signal_strength': 0.45, 'regime': 'ranging', 'entry_threshold': 2.0, 'status': 'monitoring', 'note': 'Demo signal - no actual market data available'}
2025-03-21 10:23:04,170 - __main__ - INFO - Created demo signal for GC_SI
2025-03-21 10:23:04,170 - __main__ - INFO - Loaded current regime from file: Low Volatility / Weak Trend
2025-03-21 10:23:04,171 - __main__ - INFO - Current market regime: Low Volatility / Weak Trend
2025-03-21 10:23:04,172 - __main__ - INFO - Updated dashboard at: output/paper_trading\dashboard\index.html
2025-03-21 10:23:04,172 - __main__ - INFO - Dashboard available at: file://C:\quant-trader\output\paper_trading\dashboard\index.html
2025-03-21 10:23:04,172 - __main__ - INFO - Paper trader is running. Press Ctrl+C to stop.
2025-03-21 10:23:34,162 - __main__ - INFO - Refreshing ML system and checking for trading signals...
2025-03-21 10:23:34,162 - __main__ - INFO - Requesting historical data for ES-CONTFUT-CME (2 h, 5 mins)
2025-03-21 10:23:34,162 - __main__ - INFO - Created continuous futures contract: ES-CONTFUT-CME
2025-03-21 10:23:34,163 - __main__ - WARNING - Client doesn't have setTimeout method, continuing without setting timeout
2025-03-21 10:24:34,175 - ib_insync.ib - WARNING - reqHistoricalData: Timeout for Contract(secType='CONTFUT', symbol='ES', exchange='CME', currency='USD')
2025-03-21 10:24:34,175 - __main__ - WARNING - No historical data returned for ES-CONTFUT-CME
2025-03-21 10:24:34,175 - __main__ - WARNING - No historical data available for ES-CONTFUT-CME
2025-03-21 10:24:34,177 - __main__ - WARNING - Created synthetic data for ES-CONTFUT-CME as fallback
2025-03-21 10:24:34,177 - __main__ - INFO - Requesting historical data for NQ-CONTFUT-CME (2 h, 5 mins)
2025-03-21 10:24:34,177 - __main__ - INFO - Created continuous futures contract: NQ-CONTFUT-CME
2025-03-21 10:24:34,177 - __main__ - WARNING - Client doesn't have setTimeout method, continuing without setting timeout
2025-03-21 10:25:34,179 - ib_insync.ib - WARNING - reqHistoricalData: Timeout for Contract(secType='CONTFUT', symbol='NQ', exchange='CME', currency='USD')
2025-03-21 10:25:34,179 - __main__ - WARNING - No historical data returned for NQ-CONTFUT-CME
2025-03-21 10:25:34,179 - __main__ - WARNING - No historical data available for NQ-CONTFUT-CME
2025-03-21 10:25:34,180 - __main__ - WARNING - Created synthetic data for NQ-CONTFUT-CME as fallback
2025-03-21 10:25:34,180 - __main__ - INFO - Limiting historical data requests to 2 symbols per refresh
2025-03-21 10:25:34,181 - __main__ - INFO - Loaded current regime from file: Low Volatility / Weak Trend
2025-03-21 10:25:34,183 - __main__ - INFO - Loaded market regime classifier from models/intraday\market_regime_classifier.joblib
2025-03-21 10:25:34,185 - __main__ - ERROR - Error extracting features for regime detection: The feature names should match those that were passed during fit.
Feature names unseen at fit time:
- trend
- volatility
- volume_trend
Feature names seen at fit time, yet now missing:
- correlation_avg
- mean_reversion_avg
- trend_strength_avg
- volatility_avg

2025-03-21 10:25:34,186 - __main__ - INFO - Loaded current regime from file: Low Volatility / Weak Trend
2025-03-21 10:25:34,186 - __main__ - INFO - Current market regime: Low Volatility / Weak Trend
2025-03-21 10:25:34,186 - __main__ - INFO - Requesting historical data for ES-CONTFUT-CME (1 D, 5 mins)
2025-03-21 10:25:34,186 - __main__ - INFO - Created continuous futures contract: ES-CONTFUT-CME
2025-03-21 10:25:34,186 - __main__ - WARNING - Client doesn't have setTimeout method, continuing without setting timeout
2025-03-21 10:26:34,199 - ib_insync.ib - WARNING - reqHistoricalData: Timeout for Contract(secType='CONTFUT', symbol='ES', exchange='CME', currency='USD')
2025-03-21 10:26:34,200 - __main__ - WARNING - No historical data returned for ES-CONTFUT-CME
2025-03-21 10:26:34,200 - __main__ - INFO - Trying fallback with shorter duration for ES-CONTFUT-CME
2025-03-21 10:26:34,200 - __main__ - INFO - Requesting historical data for ES-CONTFUT-CME (2 h, 5 mins)
2025-03-21 10:26:34,200 - __main__ - INFO - Created continuous futures contract: ES-CONTFUT-CME
2025-03-21 10:26:34,200 - __main__ - WARNING - Client doesn't have setTimeout method, continuing without setting timeout
