2025-03-21 09:19:28,440 - __main__ - INFO - Successfully patched JSON encoder to handle datetime objects
2025-03-21 09:19:30,237 - __main__ - INFO - Successfully imported IntradayMLPaperTrader
2025-03-21 09:19:30,237 - __main__ - INFO - Creating ML-enhanced paper trader...
2025-03-21 09:19:30,238 - src.paper_trading.paper_trader - ERROR - Error loading paper trading data: Expecting value: line 10 column 23 (char 215)
2025-03-21 09:19:30,239 - src.paper_trading.paper_trader - INFO - Auto-shutdown scheduled for 2025-03-21 16:00:00
2025-03-21 09:19:30,239 - src.paper_trading.intraday_ml_paper_trader - INFO - Loaded ML configuration from config\paper_trading.json
2025-03-21 09:19:30,240 - src.ml_enhancements.intraday_signals - INFO - Loading pre-trained models
2025-03-21 09:19:30,256 - src.ml_enhancements.intraday_signals - INFO - Loaded signal filter model
2025-03-21 09:19:30,271 - src.ml_enhancements.intraday_signals - INFO - Loaded entry timing model
2025-03-21 09:19:30,287 - src.ml_enhancements.intraday_signals - INFO - Loaded exit timing model
2025-03-21 09:19:30,288 - src.ml_enhancements.intraday_signals - WARNING - Could not load volume prediction model: Can't get attribute '__pyx_unpickle_CyHalfSquaredError' on <module 'sklearn._loss._loss' from 'C:\\Users\\grego\\miniconda3\\Lib\\site-packages\\sklearn\\_loss\\_loss.cp312-win_amd64.pyd'>
2025-03-21 09:19:30,289 - src.ml_enhancements.intraday_signals - WARNING - Could not load correlation prediction model: Can't get attribute '__pyx_unpickle_CyHalfSquaredError' on <module 'sklearn._loss._loss' from 'C:\\Users\\grego\\miniconda3\\Lib\\site-packages\\sklearn\\_loss\\_loss.cp312-win_amd64.pyd'>
2025-03-21 09:19:30,289 - __main__ - INFO - Starting ML-enhanced paper trader...
2025-03-21 09:19:30,289 - src.connectors.ib.ib_connector - INFO - Connecting to IB at localhost:7497 (client ID: 5)
2025-03-21 09:19:30,289 - ib_insync.client - INFO - Connecting to localhost:7497 with clientId 5...
2025-03-21 09:19:30,294 - ib_insync.client - INFO - Connected
2025-03-21 09:19:30,297 - ib_insync.client - INFO - Logged on to server version 176
2025-03-21 09:19:30,805 - ib_insync.client - ERROR - Peer closed connection. clientId 5 already in use?
2025-03-21 09:19:37,563 - __main__ - INFO - Stopping paper trader (received interrupt signal)...
2025-03-21 09:19:38,835 - __main__ - INFO - Stopping paper trader (received interrupt signal)...
2025-03-21 09:19:39,006 - __main__ - INFO - Stopping paper trader (received interrupt signal)...
2025-03-21 09:19:39,162 - __main__ - INFO - Stopping paper trader (received interrupt signal)...
2025-03-21 09:19:39,315 - __main__ - INFO - Stopping paper trader (received interrupt signal)...
2025-03-21 09:19:39,476 - __main__ - INFO - Stopping paper trader (received interrupt signal)...
2025-03-21 09:19:50,077 - __main__ - INFO - Stopping paper trader (received interrupt signal)...
2025-03-21 09:19:50,232 - __main__ - INFO - Stopping paper trader (received interrupt signal)...
