2025-03-21 09:30:39,759 - __main__ - INFO - Successfully patched JSON encoder to handle datetime objects
2025-03-21 09:30:40,595 - __main__ - INFO - Successfully patched PaperTrader with additional methods
2025-03-21 09:30:41,683 - __main__ - INFO - Successfully enhanced IntradayMLPaperTrader with better logging and dashboard
2025-03-21 09:30:41,683 - __main__ - INFO - Creating ML-enhanced paper trader...
2025-03-21 09:30:41,684 - src.paper_trading.paper_trader - ERROR - Error loading paper trading data: Expecting value: line 10 column 23 (char 215)
2025-03-21 09:30:41,685 - src.paper_trading.paper_trader - INFO - Auto-shutdown scheduled for 2025-03-21 16:00:00
2025-03-21 09:30:41,686 - src.paper_trading.intraday_ml_paper_trader - INFO - Loaded ML configuration from config\paper_trading.json
2025-03-21 09:30:41,687 - src.ml_enhancements.intraday_signals - INFO - Loading pre-trained models
2025-03-21 09:30:41,702 - src.ml_enhancements.intraday_signals - INFO - Loaded signal filter model
2025-03-21 09:30:41,717 - src.ml_enhancements.intraday_signals - INFO - Loaded entry timing model
2025-03-21 09:30:41,730 - src.ml_enhancements.intraday_signals - INFO - Loaded exit timing model
2025-03-21 09:30:41,731 - src.ml_enhancements.intraday_signals - WARNING - Could not load volume prediction model: Can't get attribute '__pyx_unpickle_CyHalfSquaredError' on <module 'sklearn._loss._loss' from 'C:\\Users\\grego\\miniconda3\\Lib\\site-packages\\sklearn\\_loss\\_loss.cp312-win_amd64.pyd'>
2025-03-21 09:30:41,731 - src.ml_enhancements.intraday_signals - WARNING - Could not load correlation prediction model: Can't get attribute '__pyx_unpickle_CyHalfSquaredError' on <module 'sklearn._loss._loss' from 'C:\\Users\\grego\\miniconda3\\Lib\\site-packages\\sklearn\\_loss\\_loss.cp312-win_amd64.pyd'>
2025-03-21 09:30:41,731 - __main__ - INFO - Starting ML-enhanced paper trader...
2025-03-21 09:30:41,732 - src.connectors.ib.ib_connector - INFO - Connecting to IB at localhost:7497 (client ID: 7)
2025-03-21 09:30:41,732 - ib_insync.client - INFO - Connecting to localhost:7497 with clientId 7...
2025-03-21 09:30:41,737 - ib_insync.client - INFO - Connected
2025-03-21 09:30:41,740 - ib_insync.client - INFO - Logged on to server version 176
2025-03-21 09:30:41,741 - ib_insync.wrapper - INFO - Warning 2104, reqId -1: Market data farm connection is OK:usfarm.nj
2025-03-21 09:30:41,741 - ib_insync.client - INFO - API connection ready
2025-03-21 09:30:41,742 - ib_insync.wrapper - INFO - Warning 2104, reqId -1: Market data farm connection is OK:usfarm
2025-03-21 09:30:41,742 - ib_insync.wrapper - INFO - Warning 2106, reqId -1: HMDS data farm connection is OK:ushmds
2025-03-21 09:30:41,742 - ib_insync.wrapper - INFO - Warning 2158, reqId -1: Sec-def data farm connection is OK:secdefnj
2025-03-21 09:30:41,944 - ib_insync.ib - INFO - Synchronization complete
2025-03-21 09:30:41,945 - src.connectors.ib.ib_connector - INFO - Using account: DU2688615
2025-03-21 09:30:41,946 - src.connectors.ib.ib_connector - INFO - Positions updated: 0 active positions
2025-03-21 09:30:41,946 - src.connectors.ib.ib_connector - INFO - Successfully connected to IB
2025-03-21 09:30:41,947 - src.paper_trading.paper_trader - INFO - Paper trader started
2025-03-21 09:30:41,947 - __main__ - INFO - Starting enhanced refresh loop for ML monitoring
2025-03-21 09:30:41,947 - src.paper_trading.intraday_ml_paper_trader - INFO - ML-enhanced paper trader started
2025-03-21 09:30:41,947 - __main__ - INFO - ML-enhanced paper trader started successfully!
2025-03-21 09:30:41,948 - __main__ - INFO - Added example pairs for monitoring: ['ES_NQ', 'GC_SI']
2025-03-21 09:30:41,948 - __main__ - INFO - Updated dashboard at: output/paper_trading\dashboard\index.html
2025-03-21 09:30:41,949 - __main__ - INFO - Dashboard available at: file://C:\quant-trader\output\paper_trading\dashboard\index.html
2025-03-21 09:30:41,949 - __main__ - INFO - Paper trader is running. Press Ctrl+C to stop.
2025-03-21 09:31:11,948 - __main__ - INFO - Refreshing ML system and checking for trading signals...
2025-03-21 09:31:11,948 - src.paper_trading.intraday_ml_paper_trader - WARNING - No subscribed symbols found
2025-03-21 09:31:11,948 - src.paper_trading.intraday_ml_paper_trader - WARNING - No market data available for ML refresh
2025-03-21 09:31:11,948 - __main__ - ERROR - Error in enhanced ML refresh: 'default_parameters'
2025-03-21 09:31:11,948 - __main__ - INFO - Actively monitoring market for trading opportunities. Current regime: None
