2025-03-21 11:13:50,585 - __main__ - INFO - Successfully patched JSON encoder to handle datetime objects
2025-03-21 11:13:50,585 - __main__ - INFO - Successfully patched JSON dump function to handle datetime objects
2025-03-21 11:13:50,920 - __main__ - INFO - Successfully patched PaperTrader with additional methods
2025-03-21 11:13:51,186 - __main__ - INFO - Successfully enhanced IntradayMLPaperTrader with better logging and dashboard
2025-03-21 11:13:51,187 - __main__ - INFO - Creating ML-enhanced paper trader...
2025-03-21 11:13:51,187 - src.paper_trading.paper_trader - INFO - Loaded account data: Capital=$100000.00
2025-03-21 11:13:51,188 - src.paper_trading.paper_trader - INFO - Loaded 0 positions
2025-03-21 11:13:51,188 - src.paper_trading.paper_trader - INFO - Loaded 0 historical trades
2025-03-21 11:13:51,189 - src.paper_trading.paper_trader - INFO - Auto-shutdown scheduled for 2025-03-21 16:00:00
2025-03-21 11:13:51,189 - src.paper_trading.intraday_ml_paper_trader - INFO - Loaded ML configuration from config\paper_trading.json
2025-03-21 11:13:51,191 - src.paper_trading.intraday_ml_paper_trader - INFO - Loading market regime classifier from models/intraday\market_regime_classifier.joblib
2025-03-21 11:13:51,193 - src.paper_trading.intraday_ml_paper_trader - INFO - Successfully loaded market regime classifier model
2025-03-21 11:13:51,193 - src.paper_trading.intraday_ml_paper_trader - INFO - Loaded current regime: Low Volatility / Weak Trend
2025-03-21 11:13:51,193 - src.ml_enhancements.intraday_signals - INFO - Loading pre-trained models
2025-03-21 11:13:51,209 - src.ml_enhancements.intraday_signals - INFO - Loaded signal filter model
2025-03-21 11:13:51,226 - src.ml_enhancements.intraday_signals - INFO - Loaded entry timing model
2025-03-21 11:13:51,240 - src.ml_enhancements.intraday_signals - INFO - Loaded exit timing model
2025-03-21 11:13:51,241 - src.ml_enhancements.intraday_signals - WARNING - Could not load volume prediction model: Can't get attribute '__pyx_unpickle_CyHalfSquaredError' on <module 'sklearn._loss._loss' from 'C:\\Users\\grego\\miniconda3\\Lib\\site-packages\\sklearn\\_loss\\_loss.cp312-win_amd64.pyd'>
2025-03-21 11:13:51,241 - src.ml_enhancements.intraday_signals - WARNING - Could not load correlation prediction model: Can't get attribute '__pyx_unpickle_CyHalfSquaredError' on <module 'sklearn._loss._loss' from 'C:\\Users\\grego\\miniconda3\\Lib\\site-packages\\sklearn\\_loss\\_loss.cp312-win_amd64.pyd'>
2025-03-21 11:13:51,242 - __main__ - INFO - Starting ML-enhanced paper trader...
2025-03-21 11:13:51,242 - src.connectors.ib.ib_connector - INFO - Connecting to IB at localhost:7497 (client ID: 12)
2025-03-21 11:13:51,242 - ib_insync.client - INFO - Connecting to localhost:7497 with clientId 12...
2025-03-21 11:13:51,247 - ib_insync.client - INFO - Connected
2025-03-21 11:13:51,251 - ib_insync.client - INFO - Logged on to server version 176
2025-03-21 11:13:51,753 - ib_insync.client - ERROR - Peer closed connection. clientId 12 already in use?
2025-03-21 11:13:56,210 - __main__ - INFO - Stopping paper trader (received interrupt signal)...
2025-03-21 11:14:21,252 - ib_insync.client - INFO - Disconnecting
2025-03-21 11:14:21,252 - ib_insync.client - ERROR - API connection failed: TimeoutError()
2025-03-21 11:14:21,252 - src.connectors.ib.ib_connector - ERROR - Error connecting to IB: 
2025-03-21 11:14:21,252 - src.connectors.ib.ib_connector - INFO - Retrying connection in 5 seconds...
2025-03-21 11:14:26,253 - src.connectors.ib.ib_connector - INFO - Connecting to IB at localhost:7497 (client ID: 12)
2025-03-21 11:14:26,253 - ib_insync.client - INFO - Connecting to localhost:7497 with clientId 12...
2025-03-21 11:14:26,254 - ib_insync.client - INFO - Connected
2025-03-21 11:14:26,258 - ib_insync.client - INFO - Logged on to server version 176
2025-03-21 11:14:26,260 - ib_insync.wrapper - INFO - Warning 2104, reqId -1: Market data farm connection is OK:usfarm.nj
2025-03-21 11:14:26,260 - ib_insync.wrapper - INFO - Warning 2104, reqId -1: Market data farm connection is OK:usfarm
2025-03-21 11:14:26,260 - ib_insync.client - INFO - API connection ready
2025-03-21 11:14:26,261 - ib_insync.wrapper - INFO - Warning 2106, reqId -1: HMDS data farm connection is OK:ushmds
2025-03-21 11:14:26,261 - ib_insync.wrapper - INFO - Warning 2158, reqId -1: Sec-def data farm connection is OK:secdefnj
2025-03-21 11:14:26,362 - ib_insync.ib - INFO - Synchronization complete
2025-03-21 11:14:26,362 - src.connectors.ib.ib_connector - INFO - Using account: DU2688615
2025-03-21 11:14:26,363 - src.connectors.ib.ib_connector - INFO - Positions updated: 0 active positions
2025-03-21 11:14:26,363 - src.connectors.ib.ib_connector - INFO - Successfully connected to IB
2025-03-21 11:14:26,364 - src.paper_trading.paper_trader - INFO - Paper trader started
2025-03-21 11:14:26,364 - __main__ - INFO - Starting enhanced refresh loop for ML monitoring
2025-03-21 11:14:26,364 - src.paper_trading.intraday_ml_paper_trader - INFO - ML-enhanced paper trader started
2025-03-21 11:14:26,365 - __main__ - INFO - ML-enhanced paper trader started successfully!
2025-03-21 11:14:26,367 - __main__ - INFO - Added example pairs for monitoring: ['ES_NQ', 'GC_SI']
2025-03-21 11:14:26,367 - __main__ - INFO - Subscribing to market data for ES-202406-FUT-GLOBEX and NQ-202406-FUT-GLOBEX
2025-03-21 11:14:26,367 - __main__ - INFO - Created continuous futures contract: ES-CONTFUT-CME
2025-03-21 11:14:26,367 - __main__ - INFO - Created continuous futures contract: NQ-CONTFUT-CME
2025-03-21 11:14:26,368 - __main__ - INFO - Subscribed to market data for ES using contract object
2025-03-21 11:14:26,368 - __main__ - INFO - Subscribed to market data for NQ using contract object
2025-03-21 11:14:26,368 - __main__ - INFO - Successfully subscribed to continuous futures for pair ES_NQ
2025-03-21 11:14:26,368 - __main__ - INFO - Subscribing to market data for GC-202406-FUT-NYMEX and SI-202406-FUT-NYMEX
2025-03-21 11:14:26,368 - __main__ - INFO - Created continuous futures contract: GC-CONTFUT-COMEX
2025-03-21 11:14:26,368 - __main__ - INFO - Created continuous futures contract: SI-CONTFUT-COMEX
2025-03-21 11:14:26,369 - __main__ - INFO - Subscribed to market data for GC using contract object
2025-03-21 11:14:26,369 - __main__ - INFO - Subscribed to market data for SI using contract object
2025-03-21 11:14:26,369 - __main__ - INFO - Successfully subscribed to continuous futures for pair GC_SI
2025-03-21 11:14:26,373 - __main__ - INFO - Signal check logged for ES_NQ: {'pair': 'ES_NQ', 'timestamp': '2025-03-21T11:14:26.369444', 'ml_signal': 'neutral', 'signal_strength': 0.45, 'regime': 'ranging', 'entry_threshold': 2.0, 'status': 'monitoring', 'note': 'Demo signal - no actual market data available'}
2025-03-21 11:14:26,373 - __main__ - INFO - Created demo signal for ES_NQ
2025-03-21 11:14:26,377 - __main__ - INFO - Signal check logged for GC_SI: {'pair': 'GC_SI', 'timestamp': '2025-03-21T11:14:26.373553', 'ml_signal': 'neutral', 'signal_strength': 0.45, 'regime': 'ranging', 'entry_threshold': 2.0, 'status': 'monitoring', 'note': 'Demo signal - no actual market data available'}
2025-03-21 11:14:26,377 - __main__ - INFO - Created demo signal for GC_SI
2025-03-21 11:14:26,378 - __main__ - INFO - Loaded current regime from file: Low Volatility / Weak Trend
2025-03-21 11:14:26,378 - __main__ - INFO - Current market regime: Low Volatility / Weak Trend
2025-03-21 11:14:26,379 - __main__ - INFO - Updated dashboard at: output/paper_trading\dashboard\index.html
2025-03-21 11:14:26,380 - __main__ - INFO - Dashboard available at: file://C:\quant-trader\output\paper_trading\dashboard\index.html
2025-03-21 11:14:26,380 - __main__ - INFO - Paper trader is running. Press Ctrl+C to stop.
2025-03-21 11:14:26,380 - __main__ - INFO - Stopping ML-enhanced paper trader...
2025-03-21 11:14:26,467 - src.connectors.ib.ib_connector - INFO - Disconnecting from IB
2025-03-21 11:14:26,467 - ib_insync.ib - INFO - Disconnecting from localhost:7497, 314 B sent in 11 messages, 18.2 kB received in 386 messages, session time 5.22 s.
2025-03-21 11:14:26,467 - ib_insync.client - INFO - Disconnecting
2025-03-21 11:14:26,467 - src.connectors.ib.ib_connector - WARNING - Disconnected from IB
2025-03-21 11:14:26,467 - src.connectors.ib.ib_connector - INFO - Attempting to reconnect...
2025-03-21 11:14:26,467 - src.connectors.ib.ib_connector - INFO - Connecting to IB at localhost:7497 (client ID: 12)
2025-03-21 11:14:26,468 - ib_insync.client - INFO - Connecting to localhost:7497 with clientId 12...
2025-03-21 11:14:26,468 - ib_insync.client - INFO - Disconnected.
2025-03-21 11:14:26,469 - ib_insync.client - INFO - Connected
2025-03-21 11:14:26,472 - ib_insync.client - INFO - Logged on to server version 176
2025-03-21 11:14:26,768 - ib_insync.wrapper - INFO - Warning 2104, reqId -1: Market data farm connection is OK:usfarm.nj
2025-03-21 11:14:26,769 - ib_insync.wrapper - INFO - Warning 2104, reqId -1: Market data farm connection is OK:usfarm
2025-03-21 11:14:26,769 - ib_insync.wrapper - INFO - Warning 2106, reqId -1: HMDS data farm connection is OK:ushmds
2025-03-21 11:14:26,769 - ib_insync.client - INFO - API connection ready
2025-03-21 11:14:26,769 - ib_insync.wrapper - INFO - Warning 2158, reqId -1: Sec-def data farm connection is OK:secdefnj
2025-03-21 11:14:26,971 - ib_insync.ib - INFO - Synchronization complete
2025-03-21 11:14:26,972 - src.connectors.ib.ib_connector - INFO - Positions updated: 0 active positions
2025-03-21 11:14:26,972 - src.connectors.ib.ib_connector - INFO - Successfully connected to IB
2025-03-21 11:14:26,972 - src.connectors.ib.ib_connector - INFO - Disconnected from IB
2025-03-21 11:14:26,975 - src.paper_trading.paper_trader - INFO - Paper trader stopped
2025-03-21 11:14:26,976 - __main__ - INFO - Updated dashboard at: output/paper_trading\dashboard\index.html
2025-03-21 11:14:26,976 - src.paper_trading.intraday_ml_paper_trader - INFO - ML-enhanced paper trader stopped
2025-03-21 11:14:26,977 - __main__ - INFO - ML-enhanced paper trader stopped.
