2025-03-21 11:01:02,651 - __main__ - INFO - Successfully patched JSON encoder to handle datetime objects
2025-03-21 11:01:02,652 - __main__ - INFO - Successfully patched JSON dump function to handle datetime objects
2025-03-21 11:01:03,013 - __main__ - INFO - Successfully patched PaperTrader with additional methods
2025-03-21 11:01:03,298 - __main__ - INFO - Successfully enhanced IntradayMLPaperTrader with better logging and dashboard
2025-03-21 11:01:03,298 - __main__ - INFO - Creating ML-enhanced paper trader...
2025-03-21 11:01:03,299 - src.paper_trading.paper_trader - INFO - Loaded account data: Capital=$100000.00
2025-03-21 11:01:03,300 - src.paper_trading.paper_trader - INFO - Loaded 0 positions
2025-03-21 11:01:03,300 - src.paper_trading.paper_trader - INFO - Loaded 0 historical trades
2025-03-21 11:01:03,301 - src.paper_trading.paper_trader - INFO - Auto-shutdown scheduled for 2025-03-21 16:00:00
2025-03-21 11:01:03,301 - src.paper_trading.intraday_ml_paper_trader - INFO - Loaded ML configuration from config\paper_trading.json
2025-03-21 11:01:03,302 - src.paper_trading.intraday_ml_paper_trader - INFO - Loading market regime classifier from models/intraday\market_regime_classifier.joblib
2025-03-21 11:01:03,304 - src.paper_trading.intraday_ml_paper_trader - INFO - Successfully loaded market regime classifier model
2025-03-21 11:01:03,305 - src.paper_trading.intraday_ml_paper_trader - INFO - Loaded current regime: Low Volatility / Weak Trend
2025-03-21 11:01:03,305 - src.ml_enhancements.intraday_signals - INFO - Loading pre-trained models
2025-03-21 11:01:03,321 - src.ml_enhancements.intraday_signals - INFO - Loaded signal filter model
2025-03-21 11:01:03,333 - src.ml_enhancements.intraday_signals - INFO - Loaded entry timing model
2025-03-21 11:01:03,346 - src.ml_enhancements.intraday_signals - INFO - Loaded exit timing model
2025-03-21 11:01:03,347 - src.ml_enhancements.intraday_signals - WARNING - Could not load volume prediction model: Can't get attribute '__pyx_unpickle_CyHalfSquaredError' on <module 'sklearn._loss._loss' from 'C:\\Users\\grego\\miniconda3\\Lib\\site-packages\\sklearn\\_loss\\_loss.cp312-win_amd64.pyd'>
2025-03-21 11:01:03,347 - src.ml_enhancements.intraday_signals - WARNING - Could not load correlation prediction model: Can't get attribute '__pyx_unpickle_CyHalfSquaredError' on <module 'sklearn._loss._loss' from 'C:\\Users\\grego\\miniconda3\\Lib\\site-packages\\sklearn\\_loss\\_loss.cp312-win_amd64.pyd'>
2025-03-21 11:01:03,347 - __main__ - INFO - Starting ML-enhanced paper trader...
2025-03-21 11:01:03,348 - src.connectors.ib.ib_connector - INFO - Connecting to IB at localhost:7497 (client ID: 10)
2025-03-21 11:01:03,348 - ib_insync.client - INFO - Connecting to localhost:7497 with clientId 10...
2025-03-21 11:01:03,353 - ib_insync.client - INFO - Connected
2025-03-21 11:01:03,390 - ib_insync.client - INFO - Logged on to server version 176
2025-03-21 11:01:03,395 - ib_insync.client - INFO - API connection ready
2025-03-21 11:01:03,400 - ib_insync.wrapper - INFO - Warning 2104, reqId -1: Market data farm connection is OK:usfarm.nj
2025-03-21 11:01:03,400 - ib_insync.wrapper - INFO - Warning 2104, reqId -1: Market data farm connection is OK:usfarm
2025-03-21 11:01:03,400 - ib_insync.wrapper - INFO - Warning 2106, reqId -1: HMDS data farm connection is OK:ushmds
2025-03-21 11:01:03,400 - ib_insync.wrapper - INFO - Warning 2158, reqId -1: Sec-def data farm connection is OK:secdefnj
2025-03-21 11:01:03,601 - ib_insync.ib - INFO - Synchronization complete
2025-03-21 11:01:03,601 - src.connectors.ib.ib_connector - INFO - Using account: DU2688615
2025-03-21 11:01:03,602 - src.connectors.ib.ib_connector - INFO - Positions updated: 0 active positions
2025-03-21 11:01:03,602 - src.connectors.ib.ib_connector - INFO - Successfully connected to IB
2025-03-21 11:01:03,603 - src.paper_trading.paper_trader - INFO - Paper trader started
2025-03-21 11:01:03,603 - __main__ - INFO - Starting enhanced refresh loop for ML monitoring
2025-03-21 11:01:03,603 - src.paper_trading.intraday_ml_paper_trader - INFO - ML-enhanced paper trader started
2025-03-21 11:01:03,604 - __main__ - INFO - ML-enhanced paper trader started successfully!
2025-03-21 11:01:03,604 - __main__ - INFO - Added example pairs for monitoring: ['ES_NQ', 'GC_SI']
2025-03-21 11:01:03,604 - __main__ - INFO - Subscribing to market data for ES-202406-FUT-GLOBEX and NQ-202406-FUT-GLOBEX
2025-03-21 11:01:03,604 - __main__ - INFO - Created continuous futures contract: ES-CONTFUT-CME
2025-03-21 11:01:03,604 - __main__ - INFO - Created continuous futures contract: NQ-CONTFUT-CME
2025-03-21 11:01:03,605 - __main__ - INFO - Subscribed to market data for ES using contract object
2025-03-21 11:01:03,605 - __main__ - INFO - Subscribed to market data for NQ using contract object
2025-03-21 11:01:03,605 - __main__ - INFO - Successfully subscribed to continuous futures for pair ES_NQ
2025-03-21 11:01:03,605 - __main__ - INFO - Subscribing to market data for GC-202406-FUT-NYMEX and SI-202406-FUT-NYMEX
2025-03-21 11:01:03,605 - __main__ - INFO - Created continuous futures contract: GC-CONTFUT-COMEX
2025-03-21 11:01:03,605 - __main__ - INFO - Created continuous futures contract: SI-CONTFUT-COMEX
2025-03-21 11:01:03,605 - __main__ - INFO - Subscribed to market data for GC using contract object
2025-03-21 11:01:03,606 - __main__ - INFO - Subscribed to market data for SI using contract object
2025-03-21 11:01:03,606 - __main__ - INFO - Successfully subscribed to continuous futures for pair GC_SI
2025-03-21 11:01:03,609 - __main__ - INFO - Signal check logged for ES_NQ: {'pair': 'ES_NQ', 'timestamp': '2025-03-21T11:01:03.606082', 'ml_signal': 'neutral', 'signal_strength': 0.45, 'regime': 'ranging', 'entry_threshold': 2.0, 'status': 'monitoring', 'note': 'Demo signal - no actual market data available'}
2025-03-21 11:01:03,609 - __main__ - INFO - Created demo signal for ES_NQ
2025-03-21 11:01:03,612 - __main__ - INFO - Signal check logged for GC_SI: {'pair': 'GC_SI', 'timestamp': '2025-03-21T11:01:03.609076', 'ml_signal': 'neutral', 'signal_strength': 0.45, 'regime': 'ranging', 'entry_threshold': 2.0, 'status': 'monitoring', 'note': 'Demo signal - no actual market data available'}
2025-03-21 11:01:03,612 - __main__ - INFO - Created demo signal for GC_SI
2025-03-21 11:01:03,613 - __main__ - INFO - Loaded current regime from file: Low Volatility / Weak Trend
2025-03-21 11:01:03,613 - __main__ - INFO - Current market regime: Low Volatility / Weak Trend
2025-03-21 11:01:03,614 - __main__ - INFO - Updated dashboard at: output/paper_trading\dashboard\index.html
2025-03-21 11:01:03,614 - __main__ - INFO - Dashboard available at: file://C:\quant-trader\output\paper_trading\dashboard\index.html
2025-03-21 11:01:03,615 - __main__ - INFO - Paper trader is running. Press Ctrl+C to stop.
2025-03-21 11:02:03,604 - __main__ - INFO - Refreshing ML system and checking for trading signals...
2025-03-21 11:02:03,604 - __main__ - INFO - Created continuous futures contract: ES-CONTFUT-CME
2025-03-21 11:02:03,604 - __main__ - INFO - Requesting real-time bars for ES (5s)
2025-03-21 11:02:03,605 - __main__ - INFO - Successfully subscribed to real-time bars for ES
2025-03-21 11:02:03,605 - __main__ - INFO - Successfully subscribed to real-time bars for ES-CONTFUT-CME
2025-03-21 11:02:03,605 - __main__ - INFO - Created continuous futures contract: NQ-CONTFUT-CME
2025-03-21 11:02:03,606 - __main__ - INFO - Requesting real-time bars for NQ (5s)
2025-03-21 11:02:03,606 - __main__ - INFO - Successfully subscribed to real-time bars for NQ
2025-03-21 11:02:03,607 - __main__ - INFO - Successfully subscribed to real-time bars for NQ-CONTFUT-CME
2025-03-21 11:02:03,607 - __main__ - INFO - Created continuous futures contract: GC-CONTFUT-COMEX
2025-03-21 11:02:03,607 - __main__ - INFO - Requesting real-time bars for GC (5s)
2025-03-21 11:02:03,607 - __main__ - INFO - Successfully subscribed to real-time bars for GC
2025-03-21 11:02:03,608 - __main__ - INFO - Successfully subscribed to real-time bars for GC-CONTFUT-COMEX
2025-03-21 11:02:03,608 - __main__ - INFO - Created continuous futures contract: SI-CONTFUT-COMEX
2025-03-21 11:02:03,608 - __main__ - INFO - Requesting real-time bars for SI (5s)
2025-03-21 11:02:03,608 - __main__ - INFO - Successfully subscribed to real-time bars for SI
2025-03-21 11:02:03,608 - __main__ - INFO - Successfully subscribed to real-time bars for SI-CONTFUT-COMEX
2025-03-21 11:02:03,608 - __main__ - WARNING - Empty real-time bars list for ES-CONTFUT-CME
2025-03-21 11:02:03,608 - __main__ - WARNING - Empty real-time bars list for NQ-CONTFUT-CME
2025-03-21 11:02:03,608 - __main__ - WARNING - Empty real-time bars list for GC-CONTFUT-COMEX
2025-03-21 11:02:03,609 - __main__ - WARNING - Empty real-time bars list for SI-CONTFUT-COMEX
2025-03-21 11:02:03,609 - __main__ - WARNING - No real-time bars data available, falling back to historical data
2025-03-21 11:02:03,609 - __main__ - INFO - Processing 2 symbols for historical data
2025-03-21 11:02:03,609 - __main__ - INFO - Requesting historical data for ES-CONTFUT-CME (1 h, 5 mins)
2025-03-21 11:02:03,609 - __main__ - INFO - Created continuous futures contract: ES-CONTFUT-CME
2025-03-21 11:02:33,615 - ib_insync.ib - WARNING - reqHistoricalData: Timeout for Contract(secType='CONTFUT', symbol='ES', exchange='CME', currency='USD')
2025-03-21 11:02:33,615 - __main__ - WARNING - No historical data returned for ES-CONTFUT-CME
2025-03-21 11:02:33,615 - __main__ - INFO - Requesting historical data for NQ-CONTFUT-CME (1 h, 5 mins)
2025-03-21 11:02:33,615 - __main__ - INFO - Created continuous futures contract: NQ-CONTFUT-CME
2025-03-21 11:03:03,630 - ib_insync.ib - WARNING - reqHistoricalData: Timeout for Contract(secType='CONTFUT', symbol='NQ', exchange='CME', currency='USD')
2025-03-21 11:03:03,630 - __main__ - WARNING - No historical data returned for NQ-CONTFUT-CME
2025-03-21 11:03:03,630 - __main__ - WARNING - Missing data for symbols ['ES-202406-FUT-GLOBEX', 'NQ-202406-FUT-GLOBEX'] in pair ES_NQ
2025-03-21 11:03:03,631 - __main__ - WARNING - Missing data for symbols ['GC-202406-FUT-NYMEX', 'SI-202406-FUT-NYMEX'] in pair GC_SI
2025-03-21 11:03:03,631 - __main__ - INFO - Loaded current regime from file: Low Volatility / Weak Trend
2025-03-21 11:03:03,631 - __main__ - INFO - Loaded current regime from file: Low Volatility / Weak Trend
2025-03-21 11:03:03,631 - __main__ - INFO - No historical data for regime detection, using saved regime: Low Volatility / Weak Trend
2025-03-21 11:03:03,631 - __main__ - WARNING - No market data or historical data available, skipping ML refresh
2025-03-21 11:03:03,634 - __main__ - INFO - Signal check logged for ES_NQ: {'pair': 'ES_NQ', 'timestamp': '2025-03-21T11:03:03.631103', 'ml_signal': 'waiting_for_data', 'signal_strength': 0.0, 'regime': 'Low Volatility / Weak Trend', 'entry_threshold': 2.0, 'status': 'waiting_for_data', 'note': 'Waiting for market data', 'symbol1': 'ES-202406-FUT-GLOBEX', 'symbol2': 'NQ-202406-FUT-GLOBEX'}
2025-03-21 11:03:03,637 - __main__ - INFO - Signal check logged for GC_SI: {'pair': 'GC_SI', 'timestamp': '2025-03-21T11:03:03.634106', 'ml_signal': 'waiting_for_data', 'signal_strength': 0.0, 'regime': 'Low Volatility / Weak Trend', 'entry_threshold': 2.0, 'status': 'waiting_for_data', 'note': 'Waiting for market data', 'symbol1': 'GC-202406-FUT-NYMEX', 'symbol2': 'SI-202406-FUT-NYMEX'}
2025-03-21 11:03:03,638 - __main__ - INFO - Updated dashboard at: output/paper_trading\dashboard\index.html
2025-03-21 11:03:03,638 - __main__ - INFO - Actively monitoring market for trading opportunities. Current regime: Low Volatility / Weak Trend
2025-03-21 11:03:09,192 - __main__ - INFO - Stopping paper trader (received interrupt signal)...
2025-03-21 11:03:09,654 - __main__ - INFO - Stopping ML-enhanced paper trader...
2025-03-21 11:03:09,679 - src.connectors.ib.ib_connector - INFO - Disconnecting from IB
2025-03-21 11:03:09,679 - ib_insync.ib - INFO - Disconnecting from localhost:7497, 697 B sent in 19 messages, 18.2 kB received in 386 messages, session time 126 s.
2025-03-21 11:03:09,679 - ib_insync.client - INFO - Disconnecting
2025-03-21 11:03:09,679 - src.connectors.ib.ib_connector - WARNING - Disconnected from IB
2025-03-21 11:03:09,679 - src.connectors.ib.ib_connector - INFO - Attempting to reconnect...
2025-03-21 11:03:09,679 - src.connectors.ib.ib_connector - INFO - Connecting to IB at localhost:7497 (client ID: 10)
2025-03-21 11:03:09,680 - ib_insync.client - INFO - Connecting to localhost:7497 with clientId 10...
2025-03-21 11:03:09,680 - ib_insync.client - INFO - Disconnected.
2025-03-21 11:03:09,681 - ib_insync.client - INFO - Connected
2025-03-21 11:03:09,684 - ib_insync.client - INFO - Logged on to server version 176
2025-03-21 11:03:10,081 - ib_insync.wrapper - INFO - Warning 2104, reqId -1: Market data farm connection is OK:usfarm.nj
2025-03-21 11:03:10,081 - ib_insync.wrapper - INFO - Warning 2104, reqId -1: Market data farm connection is OK:usfarm
2025-03-21 11:03:10,081 - ib_insync.wrapper - INFO - Warning 2106, reqId -1: HMDS data farm connection is OK:ushmds
2025-03-21 11:03:10,081 - ib_insync.wrapper - INFO - Warning 2158, reqId -1: Sec-def data farm connection is OK:secdefnj
2025-03-21 11:03:10,081 - ib_insync.client - INFO - API connection ready
2025-03-21 11:03:10,184 - ib_insync.ib - INFO - Synchronization complete
2025-03-21 11:03:10,185 - src.connectors.ib.ib_connector - INFO - Positions updated: 0 active positions
2025-03-21 11:03:10,185 - src.connectors.ib.ib_connector - INFO - Successfully connected to IB
2025-03-21 11:03:10,185 - src.connectors.ib.ib_connector - INFO - Disconnected from IB
2025-03-21 11:03:10,186 - src.paper_trading.paper_trader - INFO - Paper trader stopped
2025-03-21 11:03:10,187 - __main__ - INFO - Updated dashboard at: output/paper_trading\dashboard\index.html
2025-03-21 11:03:10,187 - src.paper_trading.intraday_ml_paper_trader - INFO - ML-enhanced paper trader stopped
2025-03-21 11:03:10,188 - __main__ - INFO - ML-enhanced paper trader stopped.
