2025-03-21 09:23:56,434 - __main__ - INFO - Successfully patched JSON encoder to handle datetime objects
2025-03-21 09:23:57,313 - __main__ - INFO - Successfully patched PaperTrader to add get_subscribed_symbols method
2025-03-21 09:23:58,471 - __main__ - INFO - Successfully imported IntradayMLPaperTrader
2025-03-21 09:23:58,472 - __main__ - INFO - Creating ML-enhanced paper trader...
2025-03-21 09:23:58,472 - src.paper_trading.paper_trader - ERROR - Error loading paper trading data: Expecting value: line 10 column 23 (char 215)
2025-03-21 09:23:58,473 - src.paper_trading.paper_trader - INFO - Auto-shutdown scheduled for 2025-03-21 16:00:00
2025-03-21 09:23:58,473 - src.paper_trading.intraday_ml_paper_trader - INFO - Loaded ML configuration from config\paper_trading.json
2025-03-21 09:23:58,474 - src.ml_enhancements.intraday_signals - INFO - Loading pre-trained models
2025-03-21 09:23:58,490 - src.ml_enhancements.intraday_signals - INFO - Loaded signal filter model
2025-03-21 09:23:58,506 - src.ml_enhancements.intraday_signals - INFO - Loaded entry timing model
2025-03-21 09:23:58,521 - src.ml_enhancements.intraday_signals - INFO - Loaded exit timing model
2025-03-21 09:23:58,521 - src.ml_enhancements.intraday_signals - WARNING - Could not load volume prediction model: Can't get attribute '__pyx_unpickle_CyHalfSquaredError' on <module 'sklearn._loss._loss' from 'C:\\Users\\grego\\miniconda3\\Lib\\site-packages\\sklearn\\_loss\\_loss.cp312-win_amd64.pyd'>
2025-03-21 09:23:58,522 - src.ml_enhancements.intraday_signals - WARNING - Could not load correlation prediction model: Can't get attribute '__pyx_unpickle_CyHalfSquaredError' on <module 'sklearn._loss._loss' from 'C:\\Users\\grego\\miniconda3\\Lib\\site-packages\\sklearn\\_loss\\_loss.cp312-win_amd64.pyd'>
2025-03-21 09:23:58,522 - __main__ - INFO - Starting ML-enhanced paper trader...
2025-03-21 09:23:58,522 - src.connectors.ib.ib_connector - INFO - Connecting to IB at localhost:7497 (client ID: 7)
2025-03-21 09:23:58,522 - ib_insync.client - INFO - Connecting to localhost:7497 with clientId 7...
2025-03-21 09:23:58,527 - ib_insync.client - INFO - Connected
2025-03-21 09:23:58,576 - ib_insync.client - INFO - Logged on to server version 176
2025-03-21 09:23:58,585 - ib_insync.client - INFO - API connection ready
2025-03-21 09:23:58,590 - ib_insync.wrapper - INFO - Warning 2104, reqId -1: Market data farm connection is OK:usfarm.nj
2025-03-21 09:23:58,590 - ib_insync.wrapper - INFO - Warning 2104, reqId -1: Market data farm connection is OK:usfarm
2025-03-21 09:23:58,591 - ib_insync.wrapper - INFO - Warning 2106, reqId -1: HMDS data farm connection is OK:ushmds
2025-03-21 09:23:58,591 - ib_insync.wrapper - INFO - Warning 2158, reqId -1: Sec-def data farm connection is OK:secdefnj
2025-03-21 09:23:58,792 - ib_insync.ib - INFO - Synchronization complete
2025-03-21 09:23:58,793 - src.connectors.ib.ib_connector - INFO - Using account: DU2688615
2025-03-21 09:23:58,794 - src.connectors.ib.ib_connector - INFO - Positions updated: 0 active positions
2025-03-21 09:23:58,794 - src.connectors.ib.ib_connector - INFO - Successfully connected to IB
2025-03-21 09:23:58,795 - src.paper_trading.paper_trader - INFO - Paper trader started
2025-03-21 09:23:58,795 - src.paper_trading.intraday_ml_paper_trader - INFO - ML-enhanced paper trader started
2025-03-21 09:23:58,795 - __main__ - INFO - ML-enhanced paper trader started successfully!
2025-03-21 09:23:58,796 - __main__ - INFO - Created simple dashboard at: file://C:\quant-trader\output\paper_trading\dashboard\index.html
2025-03-21 09:23:58,796 - __main__ - INFO - Paper trader is running. Press Ctrl+C to stop.
