2025-03-21 09:38:22,806 - __main__ - INFO - Successfully patched JSON encoder to handle datetime objects
2025-03-21 09:38:23,675 - __main__ - INFO - Successfully patched PaperTrader with additional methods
2025-03-21 09:38:24,816 - __main__ - INFO - Successfully enhanced IntradayMLPaperTrader with better logging and dashboard
2025-03-21 09:38:24,816 - __main__ - INFO - Creating ML-enhanced paper trader...
2025-03-21 09:38:24,818 - src.paper_trading.paper_trader - ERROR - Error loading paper trading data: Expecting value: line 10 column 23 (char 215)
2025-03-21 09:38:24,819 - src.paper_trading.paper_trader - INFO - Auto-shutdown scheduled for 2025-03-21 16:00:00
2025-03-21 09:38:24,819 - src.paper_trading.intraday_ml_paper_trader - INFO - Loaded ML configuration from config\paper_trading.json
2025-03-21 09:38:24,820 - src.ml_enhancements.intraday_signals - INFO - Loading pre-trained models
2025-03-21 09:38:24,836 - src.ml_enhancements.intraday_signals - INFO - Loaded signal filter model
2025-03-21 09:38:24,849 - src.ml_enhancements.intraday_signals - INFO - Loaded entry timing model
2025-03-21 09:38:24,864 - src.ml_enhancements.intraday_signals - INFO - Loaded exit timing model
2025-03-21 09:38:24,864 - src.ml_enhancements.intraday_signals - WARNING - Could not load volume prediction model: Can't get attribute '__pyx_unpickle_CyHalfSquaredError' on <module 'sklearn._loss._loss' from 'C:\\Users\\grego\\miniconda3\\Lib\\site-packages\\sklearn\\_loss\\_loss.cp312-win_amd64.pyd'>
2025-03-21 09:38:24,865 - src.ml_enhancements.intraday_signals - WARNING - Could not load correlation prediction model: Can't get attribute '__pyx_unpickle_CyHalfSquaredError' on <module 'sklearn._loss._loss' from 'C:\\Users\\grego\\miniconda3\\Lib\\site-packages\\sklearn\\_loss\\_loss.cp312-win_amd64.pyd'>
2025-03-21 09:38:24,865 - __main__ - INFO - Starting ML-enhanced paper trader...
2025-03-21 09:38:24,865 - src.connectors.ib.ib_connector - INFO - Connecting to IB at localhost:7497 (client ID: 7)
2025-03-21 09:38:24,865 - ib_insync.client - INFO - Connecting to localhost:7497 with clientId 7...
2025-03-21 09:38:24,871 - ib_insync.client - INFO - Connected
2025-03-21 09:38:24,874 - ib_insync.client - INFO - Logged on to server version 176
2025-03-21 09:38:24,875 - ib_insync.wrapper - INFO - Warning 2104, reqId -1: Market data farm connection is OK:usfarm.nj
2025-03-21 09:38:24,875 - ib_insync.client - INFO - API connection ready
2025-03-21 09:38:24,875 - ib_insync.wrapper - INFO - Warning 2104, reqId -1: Market data farm connection is OK:usfarm
2025-03-21 09:38:24,875 - ib_insync.wrapper - INFO - Warning 2106, reqId -1: HMDS data farm connection is OK:ushmds
2025-03-21 09:38:24,876 - ib_insync.wrapper - INFO - Warning 2158, reqId -1: Sec-def data farm connection is OK:secdefnj
2025-03-21 09:38:25,076 - ib_insync.ib - INFO - Synchronization complete
2025-03-21 09:38:25,077 - src.connectors.ib.ib_connector - INFO - Using account: DU2688615
2025-03-21 09:38:25,078 - src.connectors.ib.ib_connector - INFO - Positions updated: 0 active positions
2025-03-21 09:38:25,078 - src.connectors.ib.ib_connector - INFO - Successfully connected to IB
2025-03-21 09:38:25,078 - src.paper_trading.paper_trader - INFO - Paper trader started
2025-03-21 09:38:25,079 - __main__ - INFO - Starting enhanced refresh loop for ML monitoring
2025-03-21 09:38:25,079 - src.paper_trading.intraday_ml_paper_trader - INFO - ML-enhanced paper trader started
2025-03-21 09:38:25,079 - __main__ - INFO - ML-enhanced paper trader started successfully!
2025-03-21 09:38:25,079 - __main__ - INFO - Added example pairs for monitoring: ['ES_NQ', 'GC_SI']
2025-03-21 09:38:25,080 - __main__ - INFO - Subscribing to market data for ES-202406-FUT-GLOBEX and NQ-202406-FUT-GLOBEX
2025-03-21 09:38:25,080 - __main__ - INFO - Created continuous futures contract: ES-CONTFUT-GLOBEX
2025-03-21 09:38:25,080 - __main__ - INFO - Created continuous futures contract: NQ-CONTFUT-GLOBEX
2025-03-21 09:38:25,080 - __main__ - ERROR - Error subscribing to market data with contract: 'IBConnector' object has no attribute 'subscribe_market_data'
2025-03-21 09:38:25,080 - __main__ - ERROR - Error subscribing to market data with contract: 'IBConnector' object has no attribute 'subscribe_market_data'
2025-03-21 09:38:25,080 - __main__ - INFO - Successfully subscribed to continuous futures for pair ES_NQ
2025-03-21 09:38:25,080 - __main__ - INFO - Subscribing to market data for GC-202406-FUT-NYMEX and SI-202406-FUT-NYMEX
2025-03-21 09:38:25,080 - __main__ - INFO - Created continuous futures contract: GC-CONTFUT-NYMEX
2025-03-21 09:38:25,080 - __main__ - INFO - Created continuous futures contract: SI-CONTFUT-NYMEX
2025-03-21 09:38:25,081 - __main__ - ERROR - Error subscribing to market data with contract: 'IBConnector' object has no attribute 'subscribe_market_data'
2025-03-21 09:38:25,081 - __main__ - ERROR - Error subscribing to market data with contract: 'IBConnector' object has no attribute 'subscribe_market_data'
2025-03-21 09:38:25,082 - __main__ - INFO - Successfully subscribed to continuous futures for pair GC_SI
2025-03-21 09:38:25,082 - __main__ - INFO - Updated dashboard at: output/paper_trading\dashboard\index.html
2025-03-21 09:38:25,082 - __main__ - INFO - Dashboard available at: file://C:\quant-trader\output\paper_trading\dashboard\index.html
2025-03-21 09:38:25,083 - __main__ - INFO - Paper trader is running. Press Ctrl+C to stop.
2025-03-21 09:38:34,881 - __main__ - INFO - Stopping paper trader (received interrupt signal)...
2025-03-21 09:38:35,087 - __main__ - INFO - Stopping ML-enhanced paper trader...
2025-03-21 09:38:35,131 - src.connectors.ib.ib_connector - INFO - Disconnecting from IB
2025-03-21 09:38:35,131 - ib_insync.ib - INFO - Disconnecting from localhost:7497, 113 B sent in 7 messages, 18.6 kB received in 386 messages, session time 10.3 s.
2025-03-21 09:38:35,131 - ib_insync.client - INFO - Disconnecting
2025-03-21 09:38:35,131 - src.connectors.ib.ib_connector - WARNING - Disconnected from IB
2025-03-21 09:38:35,131 - src.connectors.ib.ib_connector - INFO - Attempting to reconnect...
2025-03-21 09:38:35,132 - src.connectors.ib.ib_connector - INFO - Connecting to IB at localhost:7497 (client ID: 7)
2025-03-21 09:38:35,132 - ib_insync.client - INFO - Disconnected.
2025-03-21 09:38:35,132 - ib_insync.client - INFO - Connecting to localhost:7497 with clientId 7...
2025-03-21 09:38:35,133 - ib_insync.client - INFO - Connected
2025-03-21 09:38:35,135 - ib_insync.client - INFO - Logged on to server version 176
2025-03-21 09:38:35,136 - ib_insync.wrapper - INFO - Warning 2104, reqId -1: Market data farm connection is OK:usfarm.nj
2025-03-21 09:38:35,137 - ib_insync.wrapper - INFO - Warning 2104, reqId -1: Market data farm connection is OK:usfarm
2025-03-21 09:38:35,137 - ib_insync.client - INFO - API connection ready
2025-03-21 09:38:35,137 - ib_insync.wrapper - INFO - Warning 2106, reqId -1: HMDS data farm connection is OK:ushmds
2025-03-21 09:38:35,137 - ib_insync.wrapper - INFO - Warning 2158, reqId -1: Sec-def data farm connection is OK:secdefnj
2025-03-21 09:38:35,339 - ib_insync.ib - INFO - Synchronization complete
2025-03-21 09:38:35,340 - src.connectors.ib.ib_connector - INFO - Positions updated: 0 active positions
2025-03-21 09:38:35,340 - src.connectors.ib.ib_connector - INFO - Successfully connected to IB
2025-03-21 09:38:35,340 - src.connectors.ib.ib_connector - INFO - Disconnected from IB
2025-03-21 09:38:35,341 - src.paper_trading.paper_trader - ERROR - Error saving paper trading data: Object of type datetime is not JSON serializable
2025-03-21 09:38:35,341 - src.paper_trading.paper_trader - INFO - Paper trader stopped
2025-03-21 09:38:35,342 - __main__ - INFO - Updated dashboard at: output/paper_trading\dashboard\index.html
2025-03-21 09:38:35,342 - src.paper_trading.intraday_ml_paper_trader - INFO - ML-enhanced paper trader stopped
2025-03-21 09:38:35,342 - __main__ - INFO - ML-enhanced paper trader stopped.
