2025-03-21 09:47:33,969 - __main__ - INFO - Successfully patched JSON encoder to handle datetime objects
2025-03-21 09:47:33,970 - __main__ - INFO - Successfully patched JSON dump function to handle datetime objects
2025-03-21 09:47:34,767 - __main__ - INFO - Successfully patched PaperTrader with additional methods
2025-03-21 09:47:35,906 - __main__ - INFO - Successfully enhanced IntradayMLPaperTrader with better logging and dashboard
2025-03-21 09:47:35,906 - __main__ - INFO - Creating ML-enhanced paper trader...
2025-03-21 09:47:35,911 - src.paper_trading.paper_trader - INFO - Loaded account data: Capital=$100000.00
2025-03-21 09:47:35,912 - src.paper_trading.paper_trader - INFO - Loaded 0 positions
2025-03-21 09:47:35,913 - src.paper_trading.paper_trader - INFO - Loaded 0 historical trades
2025-03-21 09:47:35,913 - src.paper_trading.paper_trader - INFO - Auto-shutdown scheduled for 2025-03-21 16:00:00
2025-03-21 09:47:35,913 - src.paper_trading.intraday_ml_paper_trader - INFO - Loaded ML configuration from config\paper_trading.json
2025-03-21 09:47:35,914 - src.ml_enhancements.intraday_signals - INFO - Loading pre-trained models
2025-03-21 09:47:35,931 - src.ml_enhancements.intraday_signals - INFO - Loaded signal filter model
2025-03-21 09:47:35,947 - src.ml_enhancements.intraday_signals - INFO - Loaded entry timing model
2025-03-21 09:47:35,964 - src.ml_enhancements.intraday_signals - INFO - Loaded exit timing model
2025-03-21 09:47:35,964 - src.ml_enhancements.intraday_signals - WARNING - Could not load volume prediction model: Can't get attribute '__pyx_unpickle_CyHalfSquaredError' on <module 'sklearn._loss._loss' from 'C:\\Users\\grego\\miniconda3\\Lib\\site-packages\\sklearn\\_loss\\_loss.cp312-win_amd64.pyd'>
2025-03-21 09:47:35,965 - src.ml_enhancements.intraday_signals - WARNING - Could not load correlation prediction model: Can't get attribute '__pyx_unpickle_CyHalfSquaredError' on <module 'sklearn._loss._loss' from 'C:\\Users\\grego\\miniconda3\\Lib\\site-packages\\sklearn\\_loss\\_loss.cp312-win_amd64.pyd'>
2025-03-21 09:47:35,965 - __main__ - INFO - Starting ML-enhanced paper trader...
2025-03-21 09:47:35,965 - src.connectors.ib.ib_connector - INFO - Connecting to IB at localhost:7497 (client ID: 8)
2025-03-21 09:47:35,966 - ib_insync.client - INFO - Connecting to localhost:7497 with clientId 8...
2025-03-21 09:47:35,971 - ib_insync.client - INFO - Connected
2025-03-21 09:47:35,974 - ib_insync.client - INFO - Logged on to server version 176
2025-03-21 09:47:35,976 - ib_insync.wrapper - INFO - Warning 2104, reqId -1: Market data farm connection is OK:usfarm.nj
2025-03-21 09:47:35,976 - ib_insync.wrapper - INFO - Warning 2104, reqId -1: Market data farm connection is OK:usfarm
2025-03-21 09:47:35,976 - ib_insync.wrapper - INFO - Warning 2106, reqId -1: HMDS data farm connection is OK:ushmds
2025-03-21 09:47:35,976 - ib_insync.wrapper - INFO - Warning 2158, reqId -1: Sec-def data farm connection is OK:secdefnj
2025-03-21 09:47:35,977 - ib_insync.client - INFO - API connection ready
2025-03-21 09:47:36,079 - ib_insync.ib - INFO - Synchronization complete
2025-03-21 09:47:36,079 - src.connectors.ib.ib_connector - INFO - Using account: DU2688615
2025-03-21 09:47:36,080 - src.connectors.ib.ib_connector - INFO - Positions updated: 0 active positions
2025-03-21 09:47:36,080 - src.connectors.ib.ib_connector - INFO - Successfully connected to IB
2025-03-21 09:47:36,081 - src.paper_trading.paper_trader - INFO - Paper trader started
2025-03-21 09:47:36,081 - __main__ - INFO - Starting enhanced refresh loop for ML monitoring
2025-03-21 09:47:36,081 - src.paper_trading.intraday_ml_paper_trader - INFO - ML-enhanced paper trader started
2025-03-21 09:47:36,082 - __main__ - INFO - ML-enhanced paper trader started successfully!
2025-03-21 09:47:36,082 - __main__ - INFO - Added example pairs for monitoring: ['ES_NQ', 'GC_SI']
2025-03-21 09:47:36,082 - __main__ - INFO - Subscribing to market data for ES-202406-FUT-GLOBEX and NQ-202406-FUT-GLOBEX
2025-03-21 09:47:36,082 - __main__ - INFO - Created continuous futures contract: ES-CONTFUT-GLOBEX
2025-03-21 09:47:36,082 - __main__ - INFO - Created continuous futures contract: NQ-CONTFUT-GLOBEX
2025-03-21 09:47:36,083 - __main__ - INFO - Subscribed to market data for ES using contract object
2025-03-21 09:47:36,083 - __main__ - INFO - Subscribed to market data for NQ using contract object
2025-03-21 09:47:36,083 - __main__ - INFO - Successfully subscribed to continuous futures for pair ES_NQ
2025-03-21 09:47:36,083 - __main__ - INFO - Subscribing to market data for GC-202406-FUT-NYMEX and SI-202406-FUT-NYMEX
2025-03-21 09:47:36,083 - __main__ - INFO - Created continuous futures contract: GC-CONTFUT-NYMEX
2025-03-21 09:47:36,083 - __main__ - INFO - Created continuous futures contract: SI-CONTFUT-NYMEX
2025-03-21 09:47:36,083 - __main__ - INFO - Subscribed to market data for GC using contract object
2025-03-21 09:47:36,084 - __main__ - INFO - Subscribed to market data for SI using contract object
2025-03-21 09:47:36,084 - __main__ - INFO - Successfully subscribed to continuous futures for pair GC_SI
2025-03-21 09:47:36,085 - __main__ - INFO - Signal check logged for ES_NQ: {'pair': 'ES_NQ', 'timestamp': '2025-03-21T09:47:36.084997', 'ml_signal': 'neutral', 'signal_strength': 0.45, 'regime': 'ranging', 'entry_threshold': 2.0, 'status': 'monitoring', 'note': 'Demo signal - no actual market data available'}
2025-03-21 09:47:36,085 - __main__ - INFO - Created demo signal for ES_NQ
2025-03-21 09:47:36,086 - __main__ - INFO - Signal check logged for GC_SI: {'pair': 'GC_SI', 'timestamp': '2025-03-21T09:47:36.085996', 'ml_signal': 'neutral', 'signal_strength': 0.45, 'regime': 'ranging', 'entry_threshold': 2.0, 'status': 'monitoring', 'note': 'Demo signal - no actual market data available'}
2025-03-21 09:47:36,086 - __main__ - INFO - Created demo signal for GC_SI
2025-03-21 09:47:36,087 - __main__ - INFO - Updated dashboard at: output/paper_trading\dashboard\index.html
2025-03-21 09:47:36,087 - __main__ - INFO - Dashboard available at: file://C:\quant-trader\output\paper_trading\dashboard\index.html
2025-03-21 09:47:36,087 - __main__ - INFO - Paper trader is running. Press Ctrl+C to stop.
2025-03-21 09:48:06,083 - __main__ - INFO - Refreshing ML system and checking for trading signals...
2025-03-21 09:48:06,083 - src.paper_trading.intraday_ml_paper_trader - ERROR - Error getting historical data for ES-CONTFUT-GLOBEX: 'PaperTrader' object has no attribute 'get_historical_data'
2025-03-21 09:48:06,083 - src.paper_trading.intraday_ml_paper_trader - ERROR - Error getting historical data for NQ-CONTFUT-GLOBEX: 'PaperTrader' object has no attribute 'get_historical_data'
2025-03-21 09:48:06,083 - src.paper_trading.intraday_ml_paper_trader - ERROR - Error getting historical data for GC-CONTFUT-NYMEX: 'PaperTrader' object has no attribute 'get_historical_data'
2025-03-21 09:48:06,083 - src.paper_trading.intraday_ml_paper_trader - ERROR - Error getting historical data for SI-CONTFUT-NYMEX: 'PaperTrader' object has no attribute 'get_historical_data'
2025-03-21 09:48:06,083 - src.paper_trading.intraday_ml_paper_trader - ERROR - Error refreshing ML system: cannot access local variable 'symbol1' where it is not associated with a value
2025-03-21 09:48:06,083 - src.paper_trading.intraday_ml_paper_trader - ERROR - [ERROR] 2025-03-21 09:48:06 - ML Refresh Error: Error refreshing ML system: cannot access local variable 'symbol1' where it is not associated with a value
2025-03-21 09:48:06,084 - __main__ - INFO - Signal check logged for ES_NQ: {'pair': 'ES_NQ', 'timestamp': '2025-03-21T09:48:06.083699', 'ml_signal': 'pending', 'signal_strength': 0.0, 'regime': None, 'entry_threshold': 2.0, 'status': 'monitoring'}
2025-03-21 09:48:06,085 - __main__ - INFO - Signal check logged for GC_SI: {'pair': 'GC_SI', 'timestamp': '2025-03-21T09:48:06.084701', 'ml_signal': 'pending', 'signal_strength': 0.0, 'regime': None, 'entry_threshold': 2.0, 'status': 'monitoring'}
2025-03-21 09:48:06,086 - __main__ - INFO - Updated dashboard at: output/paper_trading\dashboard\index.html
2025-03-21 09:48:06,086 - __main__ - INFO - Actively monitoring market for trading opportunities. Current regime: None
2025-03-21 09:48:36,087 - __main__ - INFO - Refreshing ML system and checking for trading signals...
2025-03-21 09:48:36,087 - src.paper_trading.intraday_ml_paper_trader - ERROR - Error getting historical data for ES-CONTFUT-GLOBEX: 'PaperTrader' object has no attribute 'get_historical_data'
2025-03-21 09:48:36,087 - src.paper_trading.intraday_ml_paper_trader - ERROR - Error getting historical data for NQ-CONTFUT-GLOBEX: 'PaperTrader' object has no attribute 'get_historical_data'
2025-03-21 09:48:36,087 - src.paper_trading.intraday_ml_paper_trader - ERROR - Error getting historical data for GC-CONTFUT-NYMEX: 'PaperTrader' object has no attribute 'get_historical_data'
2025-03-21 09:48:36,087 - src.paper_trading.intraday_ml_paper_trader - ERROR - Error getting historical data for SI-CONTFUT-NYMEX: 'PaperTrader' object has no attribute 'get_historical_data'
2025-03-21 09:48:36,087 - src.paper_trading.intraday_ml_paper_trader - ERROR - Error refreshing ML system: cannot access local variable 'symbol1' where it is not associated with a value
2025-03-21 09:48:36,088 - src.paper_trading.intraday_ml_paper_trader - ERROR - [ERROR] 2025-03-21 09:48:36 - ML Refresh Error: Error refreshing ML system: cannot access local variable 'symbol1' where it is not associated with a value
2025-03-21 09:48:36,089 - __main__ - INFO - Signal check logged for ES_NQ: {'pair': 'ES_NQ', 'timestamp': '2025-03-21T09:48:36.088963', 'ml_signal': 'pending', 'signal_strength': 0.0, 'regime': None, 'entry_threshold': 2.0, 'status': 'monitoring'}
2025-03-21 09:48:36,090 - __main__ - INFO - Signal check logged for GC_SI: {'pair': 'GC_SI', 'timestamp': '2025-03-21T09:48:36.089955', 'ml_signal': 'pending', 'signal_strength': 0.0, 'regime': None, 'entry_threshold': 2.0, 'status': 'monitoring'}
2025-03-21 09:48:36,091 - __main__ - INFO - Updated dashboard at: output/paper_trading\dashboard\index.html
2025-03-21 09:48:36,091 - __main__ - INFO - Actively monitoring market for trading opportunities. Current regime: None
