2025-03-22 13:51:35,695 - __main__ - INFO - Successfully patched JSON encoder to handle datetime objects
2025-03-22 13:51:35,695 - __main__ - INFO - Successfully patched JSON dump function to handle datetime objects
2025-03-22 13:51:36,069 - __main__ - INFO - Successfully patched PaperTrader with additional methods
2025-03-22 13:51:36,433 - __main__ - INFO - Added market data monitoring capability
2025-03-22 13:51:36,434 - __main__ - INFO - Creating ML-enhanced paper trader...
2025-03-22 13:51:36,435 - src.paper_trading.paper_trader - INFO - Loaded account data: Capital=$100000.00
2025-03-22 13:51:36,436 - src.paper_trading.paper_trader - INFO - Loaded 0 positions
2025-03-22 13:51:36,436 - src.paper_trading.paper_trader - INFO - Loaded 0 historical trades
2025-03-22 13:51:36,436 - src.paper_trading.paper_trader - INFO - Auto-shutdown scheduled for 2025-03-22 16:00:00
2025-03-22 13:51:36,437 - src.paper_trading.intraday_ml_paper_trader - INFO - Loaded ML configuration from config\paper_trading.json
2025-03-22 13:51:36,437 - src.paper_trading.intraday_ml_paper_trader - INFO - Loading market regime classifier from models/intraday\market_regime_classifier.joblib
2025-03-22 13:51:36,440 - src.paper_trading.intraday_ml_paper_trader - INFO - Successfully loaded market regime classifier model
2025-03-22 13:51:36,441 - src.paper_trading.intraday_ml_paper_trader - INFO - Loaded current regime: Low Volatility / Weak Trend
2025-03-22 13:51:36,441 - src.ml_enhancements.intraday_signals - INFO - Loading pre-trained models
2025-03-22 13:51:36,456 - src.ml_enhancements.intraday_signals - INFO - Loaded signal filter model
2025-03-22 13:51:36,469 - src.ml_enhancements.intraday_signals - INFO - Loaded entry timing model
2025-03-22 13:51:36,482 - src.ml_enhancements.intraday_signals - INFO - Loaded exit timing model
2025-03-22 13:51:36,483 - src.ml_enhancements.intraday_signals - WARNING - Could not load volume prediction model: Can't get attribute '__pyx_unpickle_CyHalfSquaredError' on <module 'sklearn._loss._loss' from 'C:\\Users\\grego\\miniconda3\\Lib\\site-packages\\sklearn\\_loss\\_loss.cp312-win_amd64.pyd'>
2025-03-22 13:51:36,484 - src.ml_enhancements.intraday_signals - WARNING - Could not load correlation prediction model: Can't get attribute '__pyx_unpickle_CyHalfSquaredError' on <module 'sklearn._loss._loss' from 'C:\\Users\\grego\\miniconda3\\Lib\\site-packages\\sklearn\\_loss\\_loss.cp312-win_amd64.pyd'>
2025-03-22 13:51:36,484 - __main__ - INFO - Starting ML-enhanced paper trader...
2025-03-22 13:51:36,484 - src.connectors.ib.ib_connector - INFO - Connecting to IB at localhost:7496 (client ID: 54321)
2025-03-22 13:51:36,484 - ib_insync.client - INFO - Connecting to localhost:7496 with clientId 54321...
2025-03-22 13:51:36,490 - ib_insync.client - INFO - Connected
2025-03-22 13:51:36,493 - ib_insync.client - INFO - Logged on to server version 176
2025-03-22 13:51:36,494 - ib_insync.wrapper - INFO - Warning 2104, reqId -1: Market data farm connection is OK:usfarm.nj
2025-03-22 13:51:36,494 - ib_insync.wrapper - INFO - Warning 2104, reqId -1: Market data farm connection is OK:hfarm
2025-03-22 13:51:36,494 - ib_insync.client - INFO - API connection ready
2025-03-22 13:51:36,495 - ib_insync.wrapper - INFO - Warning 2104, reqId -1: Market data farm connection is OK:usfuture
2025-03-22 13:51:36,495 - ib_insync.wrapper - INFO - Warning 2104, reqId -1: Market data farm connection is OK:jfarm
2025-03-22 13:51:36,495 - ib_insync.wrapper - INFO - Warning 2104, reqId -1: Market data farm connection is OK:cashfarm
2025-03-22 13:51:36,495 - ib_insync.wrapper - INFO - Warning 2104, reqId -1: Market data farm connection is OK:eufarmnj
2025-03-22 13:51:36,496 - ib_insync.wrapper - INFO - Warning 2104, reqId -1: Market data farm connection is OK:usfarm
2025-03-22 13:51:36,496 - ib_insync.wrapper - INFO - Warning 2106, reqId -1: HMDS data farm connection is OK:apachmds
2025-03-22 13:51:36,496 - ib_insync.wrapper - INFO - Warning 2106, reqId -1: HMDS data farm connection is OK:euhmds
2025-03-22 13:51:36,496 - ib_insync.wrapper - INFO - Warning 2106, reqId -1: HMDS data farm connection is OK:fundfarm
2025-03-22 13:51:36,496 - ib_insync.wrapper - INFO - Warning 2106, reqId -1: HMDS data farm connection is OK:ushmds
2025-03-22 13:51:36,497 - ib_insync.wrapper - INFO - Warning 2158, reqId -1: Sec-def data farm connection is OK:secdefnj
2025-03-22 13:51:36,698 - ib_insync.ib - INFO - Synchronization complete
2025-03-22 13:51:36,698 - src.connectors.ib.ib_connector - INFO - Using account: DU2688615
2025-03-22 13:51:36,699 - src.connectors.ib.ib_connector - INFO - Positions updated: 0 active positions
2025-03-22 13:51:36,699 - src.connectors.ib.ib_connector - INFO - Successfully connected to IB
2025-03-22 13:51:36,700 - src.paper_trading.paper_trader - INFO - Paper trader started
2025-03-22 13:51:36,700 - __main__ - INFO - Starting enhanced refresh loop for ML monitoring
2025-03-22 13:51:36,700 - src.paper_trading.intraday_ml_paper_trader - INFO - ML-enhanced paper trader started
2025-03-22 13:51:36,701 - __main__ - INFO - Applied timeout to contract detail searches
2025-03-22 13:51:36,701 - __main__ - INFO - ML-enhanced paper trader started successfully!
2025-03-22 13:51:36,701 - __main__ - INFO - Added example pairs for monitoring: ['ES_NQ', 'GC_SI']
2025-03-22 13:51:36,701 - __main__ - INFO - Contract for ES: Contract(secType='FUT', symbol='ES', exchange='CME', currency='USD')
2025-03-22 13:51:36,701 - __main__ - INFO - Contract ES attributes: symbol=ES, secType=FUT, exchange=CME
2025-03-22 13:51:36,701 - __main__ - INFO - Contract for NQ: Contract(secType='FUT', symbol='NQ', exchange='CME', currency='USD')
2025-03-22 13:51:36,702 - __main__ - INFO - Contract NQ attributes: symbol=NQ, secType=FUT, exchange=CME
2025-03-22 13:51:36,702 - __main__ - INFO - Contract for GC: Contract(secType='FUT', symbol='GC', exchange='COMEX', currency='USD')
2025-03-22 13:51:36,702 - __main__ - INFO - Contract GC attributes: symbol=GC, secType=FUT, exchange=COMEX
2025-03-22 13:51:36,702 - __main__ - INFO - Contract for SI: Contract(secType='FUT', symbol='SI', exchange='COMEX', currency='USD')
2025-03-22 13:51:36,702 - __main__ - INFO - Contract SI attributes: symbol=SI, secType=FUT, exchange=COMEX
2025-03-22 13:51:36,702 - __main__ - INFO - Trying direct market data subscription without contract details
2025-03-22 13:51:36,702 - __main__ - INFO - Trying direct subscription for ES with contract month 202506
2025-03-22 13:51:36,702 - __main__ - INFO - Attempting to subscribe to market data for contract: Contract(secType='FUT', symbol='ES', lastTradeDateOrContractMonth='202506', exchange='CME', currency='USD')
2025-03-22 13:51:36,702 - __main__ - INFO - Using contract: ES (FUT) on CME
2025-03-22 13:51:36,702 - __main__ - INFO - Making market data request for ES 202506
2025-03-22 13:51:36,703 - __main__ - INFO - Requesting market data for ES
2025-03-22 13:51:36,704 - __main__ - INFO - Subscribed to market data for ES-202506-FUT-CME
2025-03-22 13:51:36,704 - __main__ - INFO - Successfully subscribed to ES with 202506
2025-03-22 13:51:36,704 - __main__ - INFO - Trying direct subscription for NQ with contract month 202506
2025-03-22 13:51:36,704 - __main__ - INFO - Attempting to subscribe to market data for contract: Contract(secType='FUT', symbol='NQ', lastTradeDateOrContractMonth='202506', exchange='CME', currency='USD')
2025-03-22 13:51:36,704 - __main__ - INFO - Using contract: NQ (FUT) on CME
2025-03-22 13:51:36,705 - __main__ - INFO - Making market data request for NQ 202506
2025-03-22 13:51:36,705 - __main__ - INFO - Requesting market data for NQ
2025-03-22 13:51:36,705 - __main__ - INFO - Subscribed to market data for NQ-202506-FUT-CME
2025-03-22 13:51:36,705 - __main__ - INFO - Successfully subscribed to NQ with 202506
2025-03-22 13:51:36,705 - __main__ - INFO - Trying direct subscription for GC with contract month 202506
2025-03-22 13:51:36,705 - __main__ - INFO - Attempting to subscribe to market data for contract: Contract(secType='FUT', symbol='GC', lastTradeDateOrContractMonth='202506', exchange='COMEX', currency='USD')
2025-03-22 13:51:36,705 - __main__ - INFO - Using contract: GC (FUT) on COMEX
2025-03-22 13:51:36,706 - __main__ - INFO - Making market data request for GC 202506
2025-03-22 13:51:36,706 - __main__ - INFO - Requesting market data for GC
2025-03-22 13:51:36,706 - __main__ - INFO - Subscribed to market data for GC-202506-FUT-COMEX
2025-03-22 13:51:36,706 - __main__ - INFO - Successfully subscribed to GC with 202506
2025-03-22 13:51:36,706 - __main__ - INFO - Trying direct subscription for SI with contract month 202506
2025-03-22 13:51:36,706 - __main__ - INFO - Attempting to subscribe to market data for contract: Contract(secType='FUT', symbol='SI', lastTradeDateOrContractMonth='202506', exchange='COMEX', currency='USD')
2025-03-22 13:51:36,706 - __main__ - INFO - Using contract: SI (FUT) on COMEX
2025-03-22 13:51:36,706 - __main__ - INFO - Making market data request for SI 202506
2025-03-22 13:51:36,707 - __main__ - INFO - Requesting market data for SI
2025-03-22 13:51:36,707 - __main__ - INFO - Subscribed to market data for SI-202506-FUT-COMEX
2025-03-22 13:51:36,707 - __main__ - INFO - Successfully subscribed to SI with 202506
2025-03-22 13:51:36,707 - __main__ - INFO - Successfully subscribed to 4 symbols directly
2025-03-22 13:51:36,708 - __main__ - INFO - Signal check logged for ES_NQ: {'pair': 'ES_NQ', 'timestamp': '2025-03-22T13:51:36.707606', 'ml_signal': 'neutral', 'signal_strength': 0.45, 'regime': 'ranging', 'entry_threshold': 2.0, 'status': 'monitoring', 'note': 'Demo signal - no actual market data available'}
2025-03-22 13:51:36,708 - __main__ - INFO - Created demo signal for ES_NQ
2025-03-22 13:51:36,709 - __main__ - INFO - Signal check logged for GC_SI: {'pair': 'GC_SI', 'timestamp': '2025-03-22T13:51:36.708605', 'ml_signal': 'neutral', 'signal_strength': 0.45, 'regime': 'ranging', 'entry_threshold': 2.0, 'status': 'monitoring', 'note': 'Demo signal - no actual market data available'}
2025-03-22 13:51:36,709 - __main__ - INFO - Created demo signal for GC_SI
2025-03-22 13:51:36,709 - __main__ - INFO - Loaded current regime from file: Low Volatility / Weak Trend
2025-03-22 13:51:36,709 - __main__ - INFO - Current market regime: Low Volatility / Weak Trend
2025-03-22 13:51:36,710 - src.paper_trading.intraday_ml_paper_trader - WARNING - No performance data to update dashboard
2025-03-22 13:51:36,710 - __main__ - INFO - Dashboard available at: file://C:\quant-trader\output\paper_trading\dashboard\index.html
2025-03-22 13:51:36,710 - __main__ - INFO - Paper trader is running. Press Ctrl+C to stop.
2025-03-22 13:52:36,701 - __main__ - INFO - Searching for contract details for ES
2025-03-22 13:52:36,701 - __main__ - INFO - Requesting contract details for ES with 60s timeout
2025-03-22 13:53:36,714 - __main__ - WARNING - reqContractDetails for ES timed out after 60s
2025-03-22 13:53:36,714 - __main__ - WARNING - No contracts found for ES
2025-03-22 13:53:36,714 - __main__ - INFO - Created futures contract: ES-202506-CME
2025-03-22 13:54:36,707 - __main__ - WARNING - ML system refresh timed out after 120 seconds, continuing with loop
2025-03-22 13:54:36,707 - __main__ - INFO - Actively monitoring market for trading opportunities. Current regime: Low Volatility / Weak Trend
