2025-03-21 09:34:19,521 - __main__ - INFO - Successfully patched JSON encoder to handle datetime objects
2025-03-21 09:34:20,332 - __main__ - INFO - Successfully patched PaperTrader with additional methods
2025-03-21 09:34:21,459 - __main__ - INFO - Successfully enhanced IntradayMLPaperTrader with better logging and dashboard
2025-03-21 09:34:21,459 - __main__ - INFO - Creating ML-enhanced paper trader...
2025-03-21 09:34:21,460 - src.paper_trading.paper_trader - ERROR - Error loading paper trading data: Expecting value: line 10 column 23 (char 215)
2025-03-21 09:34:21,461 - src.paper_trading.paper_trader - INFO - Auto-shutdown scheduled for 2025-03-21 16:00:00
2025-03-21 09:34:21,461 - src.paper_trading.intraday_ml_paper_trader - INFO - Loaded ML configuration from config\paper_trading.json
2025-03-21 09:34:21,462 - src.ml_enhancements.intraday_signals - INFO - Loading pre-trained models
2025-03-21 09:34:21,477 - src.ml_enhancements.intraday_signals - INFO - Loaded signal filter model
2025-03-21 09:34:21,490 - src.ml_enhancements.intraday_signals - INFO - Loaded entry timing model
2025-03-21 09:34:21,503 - src.ml_enhancements.intraday_signals - INFO - Loaded exit timing model
2025-03-21 09:34:21,504 - src.ml_enhancements.intraday_signals - WARNING - Could not load volume prediction model: Can't get attribute '__pyx_unpickle_CyHalfSquaredError' on <module 'sklearn._loss._loss' from 'C:\\Users\\grego\\miniconda3\\Lib\\site-packages\\sklearn\\_loss\\_loss.cp312-win_amd64.pyd'>
2025-03-21 09:34:21,504 - src.ml_enhancements.intraday_signals - WARNING - Could not load correlation prediction model: Can't get attribute '__pyx_unpickle_CyHalfSquaredError' on <module 'sklearn._loss._loss' from 'C:\\Users\\grego\\miniconda3\\Lib\\site-packages\\sklearn\\_loss\\_loss.cp312-win_amd64.pyd'>
2025-03-21 09:34:21,504 - __main__ - INFO - Starting ML-enhanced paper trader...
2025-03-21 09:34:21,504 - src.connectors.ib.ib_connector - INFO - Connecting to IB at localhost:7497 (client ID: 7)
2025-03-21 09:34:21,505 - ib_insync.client - INFO - Connecting to localhost:7497 with clientId 7...
2025-03-21 09:34:21,510 - ib_insync.client - INFO - Connected
2025-03-21 09:34:21,513 - ib_insync.client - INFO - Logged on to server version 176
2025-03-21 09:34:21,514 - ib_insync.wrapper - INFO - Warning 2104, reqId -1: Market data farm connection is OK:usfarm.nj
2025-03-21 09:34:21,514 - ib_insync.client - INFO - API connection ready
2025-03-21 09:34:21,514 - ib_insync.wrapper - INFO - Warning 2104, reqId -1: Market data farm connection is OK:usfarm
2025-03-21 09:34:21,515 - ib_insync.wrapper - INFO - Warning 2106, reqId -1: HMDS data farm connection is OK:ushmds
2025-03-21 09:34:21,515 - ib_insync.wrapper - INFO - Warning 2158, reqId -1: Sec-def data farm connection is OK:secdefnj
2025-03-21 09:34:21,716 - ib_insync.ib - INFO - Synchronization complete
2025-03-21 09:34:21,716 - src.connectors.ib.ib_connector - INFO - Using account: DU2688615
2025-03-21 09:34:21,718 - src.connectors.ib.ib_connector - INFO - Positions updated: 0 active positions
2025-03-21 09:34:21,718 - src.connectors.ib.ib_connector - INFO - Successfully connected to IB
2025-03-21 09:34:21,719 - src.paper_trading.paper_trader - INFO - Paper trader started
2025-03-21 09:34:21,719 - __main__ - INFO - Starting enhanced refresh loop for ML monitoring
2025-03-21 09:34:21,719 - src.paper_trading.intraday_ml_paper_trader - INFO - ML-enhanced paper trader started
2025-03-21 09:34:21,720 - __main__ - INFO - ML-enhanced paper trader started successfully!
2025-03-21 09:34:21,720 - __main__ - INFO - Added example pairs for monitoring: ['ES_NQ', 'GC_SI']
2025-03-21 09:34:21,720 - __main__ - INFO - Subscribing to market data for ES-202406-FUT-GLOBEX and NQ-202406-FUT-GLOBEX
2025-03-21 09:34:21,922 - ib_insync.wrapper - ERROR - Error 200, reqId 353: No security definition has been found for the request, contract: Future(symbol='ES', lastTradeDateOrContractMonth='202406', exchange='GLOBEX')
2025-03-21 09:34:21,922 - src.connectors.ib.ib_connector - ERROR - IB Error (200): No security definition has been found for the request - ReqID: 353, Symbol: ES-202406-FUT-GLOBEX
2025-03-21 09:34:22,726 - src.paper_trading.paper_trader - INFO - Subscribed to market data for ES-202406-FUT-GLOBEX
2025-03-21 09:34:22,827 - ib_insync.wrapper - ERROR - Error 200, reqId 354: No security definition has been found for the request, contract: Future(symbol='NQ', lastTradeDateOrContractMonth='202406', exchange='GLOBEX')
2025-03-21 09:34:22,827 - src.connectors.ib.ib_connector - ERROR - IB Error (200): No security definition has been found for the request - ReqID: 354, Symbol: NQ-202406-FUT-GLOBEX
2025-03-21 09:34:23,733 - src.paper_trading.paper_trader - INFO - Subscribed to market data for NQ-202406-FUT-GLOBEX
2025-03-21 09:34:23,733 - __main__ - INFO - Successfully subscribed to market data for pair ES_NQ
2025-03-21 09:34:23,733 - __main__ - INFO - Subscribing to market data for GC-202406-FUT-NYMEX and SI-202406-FUT-NYMEX
2025-03-21 09:34:23,834 - ib_insync.wrapper - ERROR - Error 200, reqId 355: No security definition has been found for the request, contract: Future(symbol='GC', lastTradeDateOrContractMonth='202406', exchange='NYMEX')
2025-03-21 09:34:23,834 - src.connectors.ib.ib_connector - ERROR - IB Error (200): No security definition has been found for the request - ReqID: 355, Symbol: GC-202406-FUT-NYMEX
2025-03-21 09:34:24,739 - src.paper_trading.paper_trader - INFO - Subscribed to market data for GC-202406-FUT-NYMEX
2025-03-21 09:34:24,840 - ib_insync.wrapper - ERROR - Error 200, reqId 356: No security definition has been found for the request, contract: Future(symbol='SI', lastTradeDateOrContractMonth='202406', exchange='NYMEX')
2025-03-21 09:34:24,840 - src.connectors.ib.ib_connector - ERROR - IB Error (200): No security definition has been found for the request - ReqID: 356, Symbol: SI-202406-FUT-NYMEX
2025-03-21 09:34:25,744 - src.paper_trading.paper_trader - INFO - Subscribed to market data for SI-202406-FUT-NYMEX
2025-03-21 09:34:25,744 - __main__ - INFO - Successfully subscribed to market data for pair GC_SI
2025-03-21 09:34:25,747 - __main__ - INFO - Updated dashboard at: output/paper_trading\dashboard\index.html
2025-03-21 09:34:25,748 - __main__ - INFO - Dashboard available at: file://C:\quant-trader\output\paper_trading\dashboard\index.html
2025-03-21 09:34:25,748 - __main__ - INFO - Paper trader is running. Press Ctrl+C to stop.
2025-03-21 09:34:32,385 - __main__ - INFO - Stopping paper trader (received interrupt signal)...
2025-03-21 09:34:32,750 - __main__ - INFO - Stopping ML-enhanced paper trader...
2025-03-21 09:34:32,773 - src.connectors.ib.ib_connector - INFO - Disconnecting from IB
2025-03-21 09:34:32,774 - ib_insync.ib - INFO - Disconnecting from localhost:7497, 375 B sent in 15 messages, 18.9 kB received in 390 messages, session time 11.3 s.
2025-03-21 09:34:32,774 - ib_insync.client - INFO - Disconnecting
2025-03-21 09:34:32,774 - src.connectors.ib.ib_connector - WARNING - Disconnected from IB
2025-03-21 09:34:32,774 - src.connectors.ib.ib_connector - INFO - Attempting to reconnect...
2025-03-21 09:34:32,774 - src.connectors.ib.ib_connector - INFO - Connecting to IB at localhost:7497 (client ID: 7)
2025-03-21 09:34:32,774 - ib_insync.client - INFO - Connecting to localhost:7497 with clientId 7...
2025-03-21 09:34:32,775 - ib_insync.client - INFO - Disconnected.
2025-03-21 09:34:32,776 - ib_insync.client - INFO - Connected
2025-03-21 09:34:32,779 - ib_insync.client - INFO - Logged on to server version 176
2025-03-21 09:34:32,976 - ib_insync.wrapper - INFO - Warning 2104, reqId -1: Market data farm connection is OK:usfarm.nj
2025-03-21 09:34:32,976 - ib_insync.wrapper - INFO - Warning 2104, reqId -1: Market data farm connection is OK:usfarm
2025-03-21 09:34:32,976 - ib_insync.client - INFO - API connection ready
2025-03-21 09:34:32,977 - ib_insync.wrapper - INFO - Warning 2106, reqId -1: HMDS data farm connection is OK:ushmds
2025-03-21 09:34:32,977 - ib_insync.wrapper - INFO - Warning 2158, reqId -1: Sec-def data farm connection is OK:secdefnj
2025-03-21 09:34:33,082 - ib_insync.ib - INFO - Synchronization complete
2025-03-21 09:34:33,083 - src.connectors.ib.ib_connector - INFO - Positions updated: 0 active positions
2025-03-21 09:34:33,083 - src.connectors.ib.ib_connector - INFO - Successfully connected to IB
2025-03-21 09:34:33,083 - src.connectors.ib.ib_connector - INFO - Disconnected from IB
2025-03-21 09:34:33,083 - src.paper_trading.paper_trader - ERROR - Error saving paper trading data: Object of type datetime is not JSON serializable
2025-03-21 09:34:33,084 - src.paper_trading.paper_trader - INFO - Paper trader stopped
2025-03-21 09:34:33,084 - __main__ - INFO - Updated dashboard at: output/paper_trading\dashboard\index.html
2025-03-21 09:34:33,084 - src.paper_trading.intraday_ml_paper_trader - INFO - ML-enhanced paper trader stopped
2025-03-21 09:34:33,084 - __main__ - INFO - ML-enhanced paper trader stopped.
