2025-03-21 11:22:50,528 - __main__ - INFO - Successfully patched JSON encoder to handle datetime objects
2025-03-21 11:22:50,528 - __main__ - INFO - Successfully patched JSON dump function to handle datetime objects
2025-03-21 11:22:50,894 - __main__ - INFO - Successfully patched PaperTrader with additional methods
2025-03-21 11:22:51,184 - __main__ - INFO - Successfully enhanced IntradayMLPaperTrader with better logging and dashboard
2025-03-21 11:22:51,184 - __main__ - INFO - Creating ML-enhanced paper trader...
2025-03-21 11:22:51,186 - src.paper_trading.paper_trader - INFO - Loaded account data: Capital=$100000.00
2025-03-21 11:22:51,187 - src.paper_trading.paper_trader - INFO - Loaded 0 positions
2025-03-21 11:22:51,187 - src.paper_trading.paper_trader - INFO - Loaded 0 historical trades
2025-03-21 11:22:51,188 - src.paper_trading.paper_trader - INFO - Auto-shutdown scheduled for 2025-03-21 16:00:00
2025-03-21 11:22:51,188 - src.paper_trading.intraday_ml_paper_trader - INFO - Loaded ML configuration from config\paper_trading.json
2025-03-21 11:22:51,189 - src.paper_trading.intraday_ml_paper_trader - INFO - Loading market regime classifier from models/intraday\market_regime_classifier.joblib
2025-03-21 11:22:51,192 - src.paper_trading.intraday_ml_paper_trader - INFO - Successfully loaded market regime classifier model
2025-03-21 11:22:51,193 - src.paper_trading.intraday_ml_paper_trader - INFO - Loaded current regime: Low Volatility / Weak Trend
2025-03-21 11:22:51,193 - src.ml_enhancements.intraday_signals - INFO - Loading pre-trained models
2025-03-21 11:22:51,209 - src.ml_enhancements.intraday_signals - INFO - Loaded signal filter model
2025-03-21 11:22:51,224 - src.ml_enhancements.intraday_signals - INFO - Loaded entry timing model
2025-03-21 11:22:51,240 - src.ml_enhancements.intraday_signals - INFO - Loaded exit timing model
2025-03-21 11:22:51,241 - src.ml_enhancements.intraday_signals - WARNING - Could not load volume prediction model: Can't get attribute '__pyx_unpickle_CyHalfSquaredError' on <module 'sklearn._loss._loss' from 'C:\\Users\\grego\\miniconda3\\Lib\\site-packages\\sklearn\\_loss\\_loss.cp312-win_amd64.pyd'>
2025-03-21 11:22:51,242 - src.ml_enhancements.intraday_signals - WARNING - Could not load correlation prediction model: Can't get attribute '__pyx_unpickle_CyHalfSquaredError' on <module 'sklearn._loss._loss' from 'C:\\Users\\grego\\miniconda3\\Lib\\site-packages\\sklearn\\_loss\\_loss.cp312-win_amd64.pyd'>
2025-03-21 11:22:51,242 - __main__ - INFO - Starting ML-enhanced paper trader...
2025-03-21 11:22:51,242 - src.connectors.ib.ib_connector - INFO - Connecting to IB at localhost:7496 (client ID: 54321)
2025-03-21 11:22:51,242 - ib_insync.client - INFO - Connecting to localhost:7496 with clientId 54321...
2025-03-21 11:22:51,251 - ib_insync.client - INFO - Connected
2025-03-21 11:22:51,301 - ib_insync.client - INFO - Logged on to server version 176
2025-03-21 11:22:51,307 - ib_insync.client - INFO - API connection ready
2025-03-21 11:22:51,313 - ib_insync.wrapper - INFO - Warning 2104, reqId -1: Market data farm connection is OK:usfarm.nj
2025-03-21 11:22:51,313 - ib_insync.wrapper - INFO - Warning 2104, reqId -1: Market data farm connection is OK:usfarm
2025-03-21 11:22:51,314 - ib_insync.wrapper - INFO - Warning 2106, reqId -1: HMDS data farm connection is OK:ushmds
2025-03-21 11:22:51,314 - ib_insync.wrapper - INFO - Warning 2158, reqId -1: Sec-def data farm connection is OK:secdefnj
2025-03-21 11:22:51,515 - ib_insync.ib - INFO - Synchronization complete
2025-03-21 11:22:51,515 - src.connectors.ib.ib_connector - INFO - Using account: DU2688615
2025-03-21 11:22:51,516 - src.connectors.ib.ib_connector - INFO - Positions updated: 0 active positions
2025-03-21 11:22:51,516 - src.connectors.ib.ib_connector - INFO - Successfully connected to IB
2025-03-21 11:22:51,517 - src.paper_trading.paper_trader - INFO - Paper trader started
2025-03-21 11:22:51,517 - __main__ - INFO - Starting enhanced refresh loop for ML monitoring
2025-03-21 11:22:51,517 - src.paper_trading.intraday_ml_paper_trader - INFO - ML-enhanced paper trader started
2025-03-21 11:22:51,518 - __main__ - INFO - ML-enhanced paper trader started successfully!
2025-03-21 11:22:51,518 - __main__ - INFO - Added example pairs for monitoring: ['ES_NQ', 'GC_SI']
2025-03-21 11:22:51,518 - __main__ - INFO - Subscribing to market data for futures contracts...
2025-03-21 11:22:51,518 - __main__ - INFO - Subscribed to market data for ES using contract object
2025-03-21 11:22:51,518 - __main__ - INFO - Subscribed to market data for NQ using contract object
2025-03-21 11:22:51,518 - __main__ - INFO - Subscribed to market data for GC using contract object
2025-03-21 11:22:51,518 - __main__ - INFO - Subscribed to market data for SI using contract object
2025-03-21 11:22:51,518 - __main__ - INFO - Successfully subscribed to futures contracts
2025-03-21 11:22:51,518 - __main__ - INFO - Getting qualified contracts from IB...
2025-03-21 11:22:51,618 - ib_insync.wrapper - ERROR - Error 200, reqId 3: No security definition has been found for the request, contract: Contract(secType='FUT', symbol='ES', lastTradeDateOrContractMonth='202406', exchange='GLOBEX', currency='USD')
2025-03-21 11:22:51,619 - eventkit.event - ERROR - Value (3, 200, 'No security definition has been found for the request', Contract(secType='FUT', symbol='ES', lastTradeDateOrContractMonth='202406', exchange='GLOBEX', currency='USD')) caused exception for event Event<errorEvent, [[None, <weakref at 0x000001DFDD0BE7A0; to 'IB' at 0x000001DFDCCF7140>, <function IB._onError at 0x000001DFDBD911C0>], [None, <weakref at 0x000001DFDD332840; to 'IBConnector' at 0x000001DFDD147B00>, <function IBConnector._on_error at 0x000001DFDBDFA8E0>]]>
Traceback (most recent call last):
  File "C:\Users\grego\miniconda3\Lib\site-packages\eventkit\event.py", line 205, in emit
    result = func(obj, *args)
             ^^^^^^^^^^^^^^^^
  File "C:\quant-trader\src\connectors\ib\ib_connector.py", line 1175, in _on_error
    symbol = contract_to_symbol(contract) if contract else None
             ^^^^^^^^^^^^^^^^^^^^^^^^^^^^
  File "C:\quant-trader\src\connectors\ib\ib_utils.py", line 119, in contract_to_symbol
    raise ValueError(f"Unsupported contract type: {type(contract)}")
ValueError: Unsupported contract type: <class 'ib_insync.contract.Contract'>
2025-03-21 11:22:51,687 - ib_insync.wrapper - ERROR - Error 200, reqId 4: No security definition has been found for the request, contract: Contract(secType='FUT', symbol='NQ', lastTradeDateOrContractMonth='202406', exchange='GLOBEX', currency='USD')
2025-03-21 11:22:51,688 - eventkit.event - ERROR - Value (4, 200, 'No security definition has been found for the request', Contract(secType='FUT', symbol='NQ', lastTradeDateOrContractMonth='202406', exchange='GLOBEX', currency='USD')) caused exception for event Event<errorEvent, [[None, <weakref at 0x000001DFDD0BE7A0; to 'IB' at 0x000001DFDCCF7140>, <function IB._onError at 0x000001DFDBD911C0>], [None, <weakref at 0x000001DFDD332840; to 'IBConnector' at 0x000001DFDD147B00>, <function IBConnector._on_error at 0x000001DFDBDFA8E0>]]>
Traceback (most recent call last):
  File "C:\Users\grego\miniconda3\Lib\site-packages\eventkit\event.py", line 205, in emit
    result = func(obj, *args)
             ^^^^^^^^^^^^^^^^
  File "C:\quant-trader\src\connectors\ib\ib_connector.py", line 1175, in _on_error
    symbol = contract_to_symbol(contract) if contract else None
             ^^^^^^^^^^^^^^^^^^^^^^^^^^^^
  File "C:\quant-trader\src\connectors\ib\ib_utils.py", line 119, in contract_to_symbol
    raise ValueError(f"Unsupported contract type: {type(contract)}")
ValueError: Unsupported contract type: <class 'ib_insync.contract.Contract'>
2025-03-21 11:22:51,765 - ib_insync.wrapper - ERROR - Error 200, reqId 5: No security definition has been found for the request, contract: Contract(secType='FUT', symbol='GC', lastTradeDateOrContractMonth='202406', exchange='NYMEX', currency='USD')
2025-03-21 11:22:51,765 - eventkit.event - ERROR - Value (5, 200, 'No security definition has been found for the request', Contract(secType='FUT', symbol='GC', lastTradeDateOrContractMonth='202406', exchange='NYMEX', currency='USD')) caused exception for event Event<errorEvent, [[None, <weakref at 0x000001DFDD0BE7A0; to 'IB' at 0x000001DFDCCF7140>, <function IB._onError at 0x000001DFDBD911C0>], [None, <weakref at 0x000001DFDD332840; to 'IBConnector' at 0x000001DFDD147B00>, <function IBConnector._on_error at 0x000001DFDBDFA8E0>]]>
Traceback (most recent call last):
  File "C:\Users\grego\miniconda3\Lib\site-packages\eventkit\event.py", line 205, in emit
    result = func(obj, *args)
             ^^^^^^^^^^^^^^^^
  File "C:\quant-trader\src\connectors\ib\ib_connector.py", line 1175, in _on_error
    symbol = contract_to_symbol(contract) if contract else None
             ^^^^^^^^^^^^^^^^^^^^^^^^^^^^
  File "C:\quant-trader\src\connectors\ib\ib_utils.py", line 119, in contract_to_symbol
    raise ValueError(f"Unsupported contract type: {type(contract)}")
ValueError: Unsupported contract type: <class 'ib_insync.contract.Contract'>
2025-03-21 11:22:51,846 - ib_insync.wrapper - ERROR - Error 200, reqId 6: No security definition has been found for the request, contract: Contract(secType='FUT', symbol='SI', lastTradeDateOrContractMonth='202406', exchange='NYMEX', currency='USD')
2025-03-21 11:22:51,847 - eventkit.event - ERROR - Value (6, 200, 'No security definition has been found for the request', Contract(secType='FUT', symbol='SI', lastTradeDateOrContractMonth='202406', exchange='NYMEX', currency='USD')) caused exception for event Event<errorEvent, [[None, <weakref at 0x000001DFDD0BE7A0; to 'IB' at 0x000001DFDCCF7140>, <function IB._onError at 0x000001DFDBD911C0>], [None, <weakref at 0x000001DFDD332840; to 'IBConnector' at 0x000001DFDD147B00>, <function IBConnector._on_error at 0x000001DFDBDFA8E0>]]>
Traceback (most recent call last):
  File "C:\Users\grego\miniconda3\Lib\site-packages\eventkit\event.py", line 205, in emit
    result = func(obj, *args)
             ^^^^^^^^^^^^^^^^
  File "C:\quant-trader\src\connectors\ib\ib_connector.py", line 1175, in _on_error
    symbol = contract_to_symbol(contract) if contract else None
             ^^^^^^^^^^^^^^^^^^^^^^^^^^^^
  File "C:\quant-trader\src\connectors\ib\ib_utils.py", line 119, in contract_to_symbol
    raise ValueError(f"Unsupported contract type: {type(contract)}")
ValueError: Unsupported contract type: <class 'ib_insync.contract.Contract'>
2025-03-21 11:22:51,927 - ib_insync.wrapper - ERROR - Error 200, reqId 7: No security definition has been found for the request, contract: Contract(secType='FUT', symbol='ES', lastTradeDateOrContractMonth='202406', exchange='GLOBEX', currency='USD')
2025-03-21 11:22:51,927 - eventkit.event - ERROR - Value (7, 200, 'No security definition has been found for the request', Contract(secType='FUT', symbol='ES', lastTradeDateOrContractMonth='202406', exchange='GLOBEX', currency='USD')) caused exception for event Event<errorEvent, [[None, <weakref at 0x000001DFDD0BE7A0; to 'IB' at 0x000001DFDCCF7140>, <function IB._onError at 0x000001DFDBD911C0>], [None, <weakref at 0x000001DFDD332840; to 'IBConnector' at 0x000001DFDD147B00>, <function IBConnector._on_error at 0x000001DFDBDFA8E0>]]>
Traceback (most recent call last):
  File "C:\Users\grego\miniconda3\Lib\site-packages\eventkit\event.py", line 205, in emit
    result = func(obj, *args)
             ^^^^^^^^^^^^^^^^
  File "C:\quant-trader\src\connectors\ib\ib_connector.py", line 1175, in _on_error
    symbol = contract_to_symbol(contract) if contract else None
             ^^^^^^^^^^^^^^^^^^^^^^^^^^^^
  File "C:\quant-trader\src\connectors\ib\ib_utils.py", line 119, in contract_to_symbol
    raise ValueError(f"Unsupported contract type: {type(contract)}")
ValueError: Unsupported contract type: <class 'ib_insync.contract.Contract'>
2025-03-21 11:22:51,929 - ib_insync.ib - WARNING - Unknown contract: Contract(secType='FUT', symbol='ES', lastTradeDateOrContractMonth='202406', exchange='GLOBEX', currency='USD')
2025-03-21 11:22:52,011 - ib_insync.wrapper - ERROR - Error 200, reqId 8: No security definition has been found for the request, contract: Contract(secType='FUT', symbol='NQ', lastTradeDateOrContractMonth='202406', exchange='GLOBEX', currency='USD')
2025-03-21 11:22:52,012 - eventkit.event - ERROR - Value (8, 200, 'No security definition has been found for the request', Contract(secType='FUT', symbol='NQ', lastTradeDateOrContractMonth='202406', exchange='GLOBEX', currency='USD')) caused exception for event Event<errorEvent, [[None, <weakref at 0x000001DFDD0BE7A0; to 'IB' at 0x000001DFDCCF7140>, <function IB._onError at 0x000001DFDBD911C0>], [None, <weakref at 0x000001DFDD332840; to 'IBConnector' at 0x000001DFDD147B00>, <function IBConnector._on_error at 0x000001DFDBDFA8E0>]]>
Traceback (most recent call last):
  File "C:\Users\grego\miniconda3\Lib\site-packages\eventkit\event.py", line 205, in emit
    result = func(obj, *args)
             ^^^^^^^^^^^^^^^^
  File "C:\quant-trader\src\connectors\ib\ib_connector.py", line 1175, in _on_error
    symbol = contract_to_symbol(contract) if contract else None
             ^^^^^^^^^^^^^^^^^^^^^^^^^^^^
  File "C:\quant-trader\src\connectors\ib\ib_utils.py", line 119, in contract_to_symbol
    raise ValueError(f"Unsupported contract type: {type(contract)}")
ValueError: Unsupported contract type: <class 'ib_insync.contract.Contract'>
2025-03-21 11:22:52,012 - ib_insync.ib - WARNING - Unknown contract: Contract(secType='FUT', symbol='NQ', lastTradeDateOrContractMonth='202406', exchange='GLOBEX', currency='USD')
2025-03-21 11:22:52,100 - ib_insync.wrapper - ERROR - Error 200, reqId 9: No security definition has been found for the request, contract: Contract(secType='FUT', symbol='GC', lastTradeDateOrContractMonth='202406', exchange='NYMEX', currency='USD')
2025-03-21 11:22:52,101 - eventkit.event - ERROR - Value (9, 200, 'No security definition has been found for the request', Contract(secType='FUT', symbol='GC', lastTradeDateOrContractMonth='202406', exchange='NYMEX', currency='USD')) caused exception for event Event<errorEvent, [[None, <weakref at 0x000001DFDD0BE7A0; to 'IB' at 0x000001DFDCCF7140>, <function IB._onError at 0x000001DFDBD911C0>], [None, <weakref at 0x000001DFDD332840; to 'IBConnector' at 0x000001DFDD147B00>, <function IBConnector._on_error at 0x000001DFDBDFA8E0>]]>
Traceback (most recent call last):
  File "C:\Users\grego\miniconda3\Lib\site-packages\eventkit\event.py", line 205, in emit
    result = func(obj, *args)
             ^^^^^^^^^^^^^^^^
  File "C:\quant-trader\src\connectors\ib\ib_connector.py", line 1175, in _on_error
    symbol = contract_to_symbol(contract) if contract else None
             ^^^^^^^^^^^^^^^^^^^^^^^^^^^^
  File "C:\quant-trader\src\connectors\ib\ib_utils.py", line 119, in contract_to_symbol
    raise ValueError(f"Unsupported contract type: {type(contract)}")
ValueError: Unsupported contract type: <class 'ib_insync.contract.Contract'>
2025-03-21 11:22:52,101 - ib_insync.ib - WARNING - Unknown contract: Contract(secType='FUT', symbol='GC', lastTradeDateOrContractMonth='202406', exchange='NYMEX', currency='USD')
2025-03-21 11:22:52,184 - ib_insync.wrapper - ERROR - Error 200, reqId 10: No security definition has been found for the request, contract: Contract(secType='FUT', symbol='SI', lastTradeDateOrContractMonth='202406', exchange='NYMEX', currency='USD')
2025-03-21 11:22:52,184 - eventkit.event - ERROR - Value (10, 200, 'No security definition has been found for the request', Contract(secType='FUT', symbol='SI', lastTradeDateOrContractMonth='202406', exchange='NYMEX', currency='USD')) caused exception for event Event<errorEvent, [[None, <weakref at 0x000001DFDD0BE7A0; to 'IB' at 0x000001DFDCCF7140>, <function IB._onError at 0x000001DFDBD911C0>], [None, <weakref at 0x000001DFDD332840; to 'IBConnector' at 0x000001DFDD147B00>, <function IBConnector._on_error at 0x000001DFDBDFA8E0>]]>
Traceback (most recent call last):
  File "C:\Users\grego\miniconda3\Lib\site-packages\eventkit\event.py", line 205, in emit
    result = func(obj, *args)
             ^^^^^^^^^^^^^^^^
  File "C:\quant-trader\src\connectors\ib\ib_connector.py", line 1175, in _on_error
    symbol = contract_to_symbol(contract) if contract else None
             ^^^^^^^^^^^^^^^^^^^^^^^^^^^^
  File "C:\quant-trader\src\connectors\ib\ib_utils.py", line 119, in contract_to_symbol
    raise ValueError(f"Unsupported contract type: {type(contract)}")
ValueError: Unsupported contract type: <class 'ib_insync.contract.Contract'>
2025-03-21 11:22:52,185 - ib_insync.ib - WARNING - Unknown contract: Contract(secType='FUT', symbol='SI', lastTradeDateOrContractMonth='202406', exchange='NYMEX', currency='USD')
2025-03-21 11:22:52,185 - __main__ - INFO - Successfully qualified contracts with IB
2025-03-21 11:22:52,185 - __main__ - INFO - Trying continuous futures contracts...
2025-03-21 11:22:52,185 - __main__ - INFO - Subscribed to market data for ES using contract object
2025-03-21 11:22:52,185 - __main__ - INFO - Subscribed to market data for NQ using contract object
2025-03-21 11:22:52,185 - __main__ - INFO - Subscribed to continuous futures contracts
2025-03-21 11:22:52,186 - __main__ - INFO - Subscribing to market data for ES-202406-FUT-GLOBEX and NQ-202406-FUT-GLOBEX
2025-03-21 11:22:52,186 - __main__ - INFO - Created continuous futures contract: ES-CONTFUT-GLOBEX
2025-03-21 11:22:52,186 - __main__ - INFO - Created continuous futures contract: NQ-CONTFUT-GLOBEX
2025-03-21 11:22:52,186 - __main__ - INFO - Subscribed to market data for ES using contract object
2025-03-21 11:22:52,186 - __main__ - INFO - Subscribed to market data for NQ using contract object
2025-03-21 11:22:52,186 - __main__ - INFO - Successfully subscribed to continuous futures for pair ES_NQ
2025-03-21 11:22:52,186 - __main__ - INFO - Subscribing to market data for GC-202406-FUT-NYMEX and SI-202406-FUT-NYMEX
2025-03-21 11:22:52,187 - __main__ - INFO - Created continuous futures contract: GC-CONTFUT-NYMEX
2025-03-21 11:22:52,187 - __main__ - INFO - Created continuous futures contract: SI-CONTFUT-NYMEX
2025-03-21 11:22:52,187 - __main__ - INFO - Subscribed to market data for GC using contract object
2025-03-21 11:22:52,187 - __main__ - INFO - Subscribed to market data for SI using contract object
2025-03-21 11:22:52,187 - __main__ - INFO - Successfully subscribed to continuous futures for pair GC_SI
2025-03-21 11:22:52,190 - __main__ - INFO - Signal check logged for ES_NQ: {'pair': 'ES_NQ', 'timestamp': '2025-03-21T11:22:52.187016', 'ml_signal': 'neutral', 'signal_strength': 0.45, 'regime': 'ranging', 'entry_threshold': 2.0, 'status': 'monitoring', 'note': 'Demo signal - no actual market data available'}
2025-03-21 11:22:52,191 - __main__ - INFO - Created demo signal for ES_NQ
2025-03-21 11:22:52,195 - __main__ - INFO - Signal check logged for GC_SI: {'pair': 'GC_SI', 'timestamp': '2025-03-21T11:22:52.191017', 'ml_signal': 'neutral', 'signal_strength': 0.45, 'regime': 'ranging', 'entry_threshold': 2.0, 'status': 'monitoring', 'note': 'Demo signal - no actual market data available'}
2025-03-21 11:22:52,195 - __main__ - INFO - Created demo signal for GC_SI
2025-03-21 11:22:52,195 - __main__ - INFO - Loaded current regime from file: Low Volatility / Weak Trend
2025-03-21 11:22:52,195 - __main__ - INFO - Current market regime: Low Volatility / Weak Trend
2025-03-21 11:22:52,197 - __main__ - INFO - Updated dashboard at: output/paper_trading\dashboard\index.html
2025-03-21 11:22:52,197 - __main__ - INFO - Dashboard available at: file://C:\quant-trader\output\paper_trading\dashboard\index.html
2025-03-21 11:22:52,197 - __main__ - INFO - Paper trader is running. Press Ctrl+C to stop.
2025-03-21 11:22:59,220 - __main__ - INFO - Stopping paper trader (received interrupt signal)...
2025-03-21 11:23:00,200 - __main__ - INFO - Stopping ML-enhanced paper trader...
2025-03-21 11:23:00,262 - src.connectors.ib.ib_connector - INFO - Disconnecting from IB
2025-03-21 11:23:00,262 - ib_insync.ib - INFO - Disconnecting from localhost:7496, 856 B sent in 21 messages, 18.8 kB received in 394 messages, session time 9.08 s.
2025-03-21 11:23:00,262 - ib_insync.client - INFO - Disconnecting
2025-03-21 11:23:00,262 - src.connectors.ib.ib_connector - WARNING - Disconnected from IB
2025-03-21 11:23:00,262 - src.connectors.ib.ib_connector - INFO - Attempting to reconnect...
2025-03-21 11:23:00,262 - src.connectors.ib.ib_connector - INFO - Connecting to IB at localhost:7496 (client ID: 54321)
2025-03-21 11:23:00,263 - ib_insync.client - INFO - Connecting to localhost:7496 with clientId 54321...
2025-03-21 11:23:00,263 - ib_insync.client - INFO - Disconnected.
2025-03-21 11:23:00,264 - ib_insync.client - INFO - Connected
2025-03-21 11:23:00,267 - ib_insync.client - INFO - Logged on to server version 176
2025-03-21 11:23:00,664 - ib_insync.wrapper - INFO - Warning 2104, reqId -1: Market data farm connection is OK:usfarm.nj
2025-03-21 11:23:00,664 - ib_insync.wrapper - INFO - Warning 2104, reqId -1: Market data farm connection is OK:usfarm
2025-03-21 11:23:00,664 - ib_insync.wrapper - INFO - Warning 2106, reqId -1: HMDS data farm connection is OK:ushmds
2025-03-21 11:23:00,664 - ib_insync.wrapper - INFO - Warning 2158, reqId -1: Sec-def data farm connection is OK:secdefnj
2025-03-21 11:23:00,664 - ib_insync.client - INFO - API connection ready
2025-03-21 11:23:00,766 - ib_insync.ib - INFO - Synchronization complete
2025-03-21 11:23:00,767 - src.connectors.ib.ib_connector - INFO - Positions updated: 0 active positions
2025-03-21 11:23:00,768 - src.connectors.ib.ib_connector - INFO - Successfully connected to IB
2025-03-21 11:23:00,768 - src.connectors.ib.ib_connector - INFO - Disconnected from IB
2025-03-21 11:23:00,769 - src.paper_trading.paper_trader - INFO - Paper trader stopped
2025-03-21 11:23:00,770 - __main__ - INFO - Updated dashboard at: output/paper_trading\dashboard\index.html
2025-03-21 11:23:00,770 - src.paper_trading.intraday_ml_paper_trader - INFO - ML-enhanced paper trader stopped
2025-03-21 11:23:00,771 - __main__ - INFO - ML-enhanced paper trader stopped.
