2025-03-21 09:14:34,417 - __main__ - ERROR - Failed to patch PaperTrader: type object 'PaperTrader' has no attribute '_save_paper_trading_data'
2025-03-21 09:14:35,686 - __main__ - INFO - Successfully imported IntradayMLPaperTrader
2025-03-21 09:14:35,687 - __main__ - INFO - Creating ML-enhanced paper trader...
2025-03-21 09:14:35,688 - src.paper_trading.paper_trader - ERROR - Error loading paper trading data: Expecting value: line 10 column 23 (char 215)
2025-03-21 09:14:35,690 - src.paper_trading.paper_trader - INFO - Auto-shutdown scheduled for 2025-03-21 16:00:00
2025-03-21 09:14:35,692 - src.paper_trading.intraday_ml_paper_trader - INFO - Loaded ML configuration from config\paper_trading.json
2025-03-21 09:14:35,693 - src.ml_enhancements.intraday_signals - INFO - Loading pre-trained models
2025-03-21 09:14:35,713 - src.ml_enhancements.intraday_signals - INFO - Loaded signal filter model
2025-03-21 09:14:35,731 - src.ml_enhancements.intraday_signals - INFO - Loaded entry timing model
2025-03-21 09:14:35,750 - src.ml_enhancements.intraday_signals - INFO - Loaded exit timing model
2025-03-21 09:14:35,750 - src.ml_enhancements.intraday_signals - WARNING - Could not load volume prediction model: Can't get attribute '__pyx_unpickle_CyHalfSquaredError' on <module 'sklearn._loss._loss' from 'C:\\Users\\grego\\miniconda3\\Lib\\site-packages\\sklearn\\_loss\\_loss.cp312-win_amd64.pyd'>
2025-03-21 09:14:35,751 - src.ml_enhancements.intraday_signals - WARNING - Could not load correlation prediction model: Can't get attribute '__pyx_unpickle_CyHalfSquaredError' on <module 'sklearn._loss._loss' from 'C:\\Users\\grego\\miniconda3\\Lib\\site-packages\\sklearn\\_loss\\_loss.cp312-win_amd64.pyd'>
2025-03-21 09:14:35,751 - __main__ - INFO - Starting ML-enhanced paper trader...
2025-03-21 09:14:35,751 - src.connectors.ib.ib_connector - INFO - Connecting to IB at localhost:7497 (client ID: 1)
2025-03-21 09:14:35,751 - ib_insync.client - INFO - Connecting to localhost:7497 with clientId 1...
2025-03-21 09:14:35,757 - ib_insync.client - INFO - Connected
2025-03-21 09:14:35,762 - ib_insync.client - INFO - Logged on to server version 176
2025-03-21 09:14:36,280 - ib_insync.client - ERROR - Peer closed connection. clientId 1 already in use?
2025-03-21 09:14:53,888 - __main__ - INFO - Stopping paper trader (received interrupt signal)...
2025-03-21 09:15:05,767 - ib_insync.client - INFO - Disconnecting
2025-03-21 09:15:05,767 - ib_insync.client - ERROR - API connection failed: TimeoutError()
2025-03-21 09:15:05,768 - src.connectors.ib.ib_connector - ERROR - Error connecting to IB: 
2025-03-21 09:15:05,768 - src.connectors.ib.ib_connector - INFO - Retrying connection in 5 seconds...
2025-03-21 09:15:10,769 - src.connectors.ib.ib_connector - INFO - Connecting to IB at localhost:7497 (client ID: 1)
2025-03-21 09:15:10,769 - ib_insync.client - INFO - Connecting to localhost:7497 with clientId 1...
2025-03-21 09:15:10,770 - ib_insync.client - INFO - Connected
2025-03-21 09:15:10,773 - ib_insync.client - INFO - Logged on to server version 176
2025-03-21 09:15:11,274 - ib_insync.client - ERROR - Peer closed connection. clientId 1 already in use?
2025-03-21 09:15:18,545 - __main__ - INFO - Stopping paper trader (received interrupt signal)...
2025-03-21 09:15:18,705 - __main__ - INFO - Stopping paper trader (received interrupt signal)...
2025-03-21 09:15:18,875 - __main__ - INFO - Stopping paper trader (received interrupt signal)...
2025-03-21 09:15:19,742 - __main__ - INFO - Stopping paper trader (received interrupt signal)...
2025-03-21 09:15:19,906 - __main__ - INFO - Stopping paper trader (received interrupt signal)...
2025-03-21 09:15:20,045 - __main__ - INFO - Stopping paper trader (received interrupt signal)...
